echo '()' >overrides.sexp
rm -rf *.cm* *.native *.o *.data_collector.sexp
Shell: make clean
((((At_call_site TOP_LEVEL 23 ((Gc camlGc) print_stat 22)))
  ((Gc camlGc) print_stat 22) false)
 (((At_call_site TOP_LEVEL 21 ((Pervasives camlPervasives) open_out 605)))
  ((Pervasives camlPervasives) open_out 605) true)
 (((At_call_site ((Pervasives camlPervasives) open_out 605) 0
    ((Pervasives camlPervasives) open_out_gen 592))
   (At_call_site TOP_LEVEL 21 ((Pervasives camlPervasives) open_out 605)))
  ((Pervasives camlPervasives) open_out_gen 592) false)
 (((At_call_site TOP_LEVEL 18 ((Printf camlPrintf) printf 145)))
  ((Printf camlPrintf) printf 145) true)
 (((At_call_site ((Printf camlPrintf) printf 145) 0
    ((CamlinternalFormat camlCamlinternalFormat) make_printf 4764))
   (At_call_site TOP_LEVEL 18 ((Printf camlPrintf) printf 145)))
  ((CamlinternalFormat camlCamlinternalFormat) make_printf 4764) false)
 (((At_call_site TOP_LEVEL 16 ((Almabench camlAlmabench) radecdist 1732)))
  ((Almabench camlAlmabench) radecdist 1732) false)
 (((At_call_site TOP_LEVEL 14
    ((Almabench camlAlmabench) planetpv_hello 2022)))
  ((Almabench camlAlmabench) planetpv_hello 2022) true)
 (((At_call_site ((Almabench camlAlmabench) planetpv_hello 2022) 0
    ((Almabench camlAlmabench) planetpv 950))
   (At_call_site TOP_LEVEL 14
    ((Almabench camlAlmabench) planetpv_hello 2022)))
  ((Almabench camlAlmabench) planetpv 950) false)
 (((At_call_site ((Almabench camlAlmabench) planetpv_hello 2022) 13
    ((Almabench camlAlmabench) planetpv 950))
   (Enter_decl TOP_LEVEL ((Almabench camlAlmabench) planetpv_hello 2022)))
  ((Almabench camlAlmabench) planetpv 950) false)
 (((At_call_site TOP_LEVEL 10 ((Printf camlPrintf) printf 145)))
  ((Printf camlPrintf) printf 145) true)
 (((At_call_site ((Printf camlPrintf) printf 145) 0
    ((CamlinternalFormat camlCamlinternalFormat) make_printf 4764))
   (At_call_site TOP_LEVEL 10 ((Printf camlPrintf) printf 145)))
  ((CamlinternalFormat camlCamlinternalFormat) make_printf 4764) false)
 (((At_call_site TOP_LEVEL 8 ((Almabench camlAlmabench) radecdist 1732)))
  ((Almabench camlAlmabench) radecdist 1732) false)
 (((At_call_site TOP_LEVEL 5 ((Almabench camlAlmabench) planetpv 950)))
  ((Almabench camlAlmabench) planetpv 950) false)
 (((At_call_site ((Almabench camlAlmabench) radecdist 1732) 4
    ((Almabench camlAlmabench) super_function 1803))
   (Enter_decl TOP_LEVEL ((Almabench camlAlmabench) radecdist 1732)))
  ((Almabench camlAlmabench) super_function 1803) false)
 (((At_call_site ((Almabench camlAlmabench) super_function 1803) 3
    ((Almabench camlAlmabench) f 1809))
   (Enter_decl ((Almabench camlAlmabench) radecdist 1732)
    ((Almabench camlAlmabench) super_function 1803))
   (Enter_decl TOP_LEVEL ((Almabench camlAlmabench) radecdist 1732)))
  ((Almabench camlAlmabench) f 1809) true)
 (((At_call_site ((Almabench camlAlmabench) f 1809) 2
    ((List camlList) length 167))
   (Enter_decl ((Almabench camlAlmabench) super_function 1803)
    ((Almabench camlAlmabench) f 1809))
   (Enter_decl ((Almabench camlAlmabench) radecdist 1732)
    ((Almabench camlAlmabench) super_function 1803))
   (Enter_decl TOP_LEVEL ((Almabench camlAlmabench) radecdist 1732)))
  ((List camlList) length 167) true)
 (((At_call_site ((Almabench camlAlmabench) planetpv 950) 1
    ((Almabench camlAlmabench) anpm 930))
   (Enter_decl TOP_LEVEL ((Almabench camlAlmabench) planetpv 950)))
  ((Almabench camlAlmabench) anpm 930) false)
 (((At_call_site ((Almabench camlAlmabench) planetpv 950) 0
    ((Almabench camlAlmabench) anpm 930))
   (Enter_decl TOP_LEVEL ((Almabench camlAlmabench) planetpv 950)))
  ((Almabench camlAlmabench) anpm 930) false))((((At_call_site TOP_LEVEL 23 ((Gc camlGc) print_stat 22)))
  ((Gc camlGc) print_stat 22) false)
 (((At_call_site TOP_LEVEL 21 ((Pervasives camlPervasives) open_out 605)))
  ((Pervasives camlPervasives) open_out 605) true)
 (((At_call_site ((Pervasives camlPervasives) open_out 605) 0
    ((Pervasives camlPervasives) open_out_gen 592))
   (At_call_site TOP_LEVEL 21 ((Pervasives camlPervasives) open_out 605)))
  ((Pervasives camlPervasives) open_out_gen 592) false)
 (((At_call_site TOP_LEVEL 18 ((Printf camlPrintf) printf 145)))
  ((Printf camlPrintf) printf 145) true)
 (((At_call_site ((Printf camlPrintf) printf 145) 0
    ((CamlinternalFormat camlCamlinternalFormat) make_printf 4764))
   (At_call_site TOP_LEVEL 18 ((Printf camlPrintf) printf 145)))
  ((CamlinternalFormat camlCamlinternalFormat) make_printf 4764) false)
 (((At_call_site TOP_LEVEL 16 ((Almabench camlAlmabench) radecdist 1732)))
  ((Almabench camlAlmabench) radecdist 1732) false)
 (((At_call_site TOP_LEVEL 14
    ((Almabench camlAlmabench) planetpv_hello 2022)))
  ((Almabench camlAlmabench) planetpv_hello 2022) true)
 (((At_call_site ((Almabench camlAlmabench) planetpv_hello 2022) 0
    ((Almabench camlAlmabench) planetpv 950))
   (At_call_site TOP_LEVEL 14
    ((Almabench camlAlmabench) planetpv_hello 2022)))
  ((Almabench camlAlmabench) planetpv 950) false)
 (((At_call_site ((Almabench camlAlmabench) planetpv_hello 2022) 13
    ((Almabench camlAlmabench) planetpv 950))
   (Enter_decl TOP_LEVEL ((Almabench camlAlmabench) planetpv_hello 2022)))
  ((Almabench camlAlmabench) planetpv 950) false)
 (((At_call_site TOP_LEVEL 10 ((Printf camlPrintf) printf 145)))
  ((Printf camlPrintf) printf 145) true)
 (((At_call_site ((Printf camlPrintf) printf 145) 0
    ((CamlinternalFormat camlCamlinternalFormat) make_printf 4764))
   (At_call_site TOP_LEVEL 10 ((Printf camlPrintf) printf 145)))
  ((CamlinternalFormat camlCamlinternalFormat) make_printf 4764) false)
 (((At_call_site TOP_LEVEL 8 ((Almabench camlAlmabench) radecdist 1732)))
  ((Almabench camlAlmabench) radecdist 1732) false)
 (((At_call_site TOP_LEVEL 5 ((Almabench camlAlmabench) planetpv 950)))
  ((Almabench camlAlmabench) planetpv 950) false)
 (((At_call_site ((Almabench camlAlmabench) radecdist 1732) 4
    ((Almabench camlAlmabench) super_function 1803))
   (Enter_decl TOP_LEVEL ((Almabench camlAlmabench) radecdist 1732)))
  ((Almabench camlAlmabench) super_function 1803) false)
 (((At_call_site ((Almabench camlAlmabench) super_function 1803) 3
    ((Almabench camlAlmabench) f 1809))
   (Enter_decl ((Almabench camlAlmabench) radecdist 1732)
    ((Almabench camlAlmabench) super_function 1803))
   (Enter_decl TOP_LEVEL ((Almabench camlAlmabench) radecdist 1732)))
  ((Almabench camlAlmabench) f 1809) true)
 (((At_call_site ((Almabench camlAlmabench) f 1809) 2
    ((List camlList) length 167))
   (Enter_decl ((Almabench camlAlmabench) super_function 1803)
    ((Almabench camlAlmabench) f 1809))
   (Enter_decl ((Almabench camlAlmabench) radecdist 1732)
    ((Almabench camlAlmabench) super_function 1803))
   (Enter_decl TOP_LEVEL ((Almabench camlAlmabench) radecdist 1732)))
  ((List camlList) length 167) true)
 (((At_call_site ((Almabench camlAlmabench) planetpv 950) 1
    ((Almabench camlAlmabench) anpm 930))
   (Enter_decl TOP_LEVEL ((Almabench camlAlmabench) planetpv 950)))
  ((Almabench camlAlmabench) anpm 930) false)
 (((At_call_site ((Almabench camlAlmabench) planetpv 950) 0
    ((Almabench camlAlmabench) anpm 930))
   (Enter_decl TOP_LEVEL ((Almabench camlAlmabench) planetpv 950)))
  ((Almabench camlAlmabench) anpm 930) false))echo '()' >overrides.sexp
rm -rf *.cm* *.native *.o *.data_collector.sexp
../../../ocaml/ocamlopt -dflambda -inline-max-depth 5 -inlining-report -inlining-overrides overrides.sexp -o almabench.native almabench.ml 2>flambda.out
Loaded override devisions: 
=> (((At_call_site TOP_LEVEL 23 ((Gc camlGc) print_stat 22))) ((Gc camlGc) print_stat 22) true)
=> (((At_call_site TOP_LEVEL 21 ((Pervasives camlPervasives) open_out 605))) ((Pervasives camlPervasives) open_out 605) false)

OVERRIDE Applied = Pervasives.open_out/605 call stack = ((At_call_site TOP_LEVEL 21 ((Pervasives camlPervasives) open_out 605))) with false
Shell: cp almabench.native /tmp/fyp_787110_almabench
Shell: chmod 755 /tmp/fyp_787110_almabench
Running /tmp/fyp_787110_almabench
Shell: make clean
Shell: scp /tmp/fyp_787110_almabench 192.168.0.11:/home/fyquah/worker-rundir/0/binary.exe
echo '()' >overrides.sexp
rm -rf *.cm* *.native *.o *.data_collector.sexp
../../../ocaml/ocamlopt -dflambda -inline-max-depth 5 -inlining-report -inlining-overrides overrides.sexp -o almabench.native almabench.ml 2>flambda.out
Shell: ssh 192.168.0.11 /home/fyquah/worker-rundir/0/benchmark_binary.sh /home/fyquah/worker-rundir/0/binary.exe 10
Loaded override devisions: 
=> (((At_call_site TOP_LEVEL 21 ((Pervasives camlPervasives) open_out 605))) ((Pervasives camlPervasives) open_out 605) false)
=> (((At_call_site ((Pervasives camlPervasives) open_out 605) 0 ((Pervasives camlPervasives) open_out_gen 592)) (At_call_site TOP_LEVEL 21 ((Pervasives camlPervasives) open_out 605))) ((Pervasives camlPervasives) open_out_gen 592) true)

OVERRIDE Applied = Pervasives.open_out/605 call stack = ((At_call_site TOP_LEVEL 21 ((Pervasives camlPervasives) open_out 605))) with false
Shell: cp almabench.native /tmp/fyp_35ef2a_almabench
Shell: chmod 755 /tmp/fyp_35ef2a_almabench
Shell: make clean
Running /tmp/fyp_35ef2a_almabench
Shell: scp /tmp/fyp_35ef2a_almabench 192.168.0.12:/home/fyquah/worker-rundir/0/binary.exe
echo '()' >overrides.sexp
rm -rf *.cm* *.native *.o *.data_collector.sexp
../../../ocaml/ocamlopt -dflambda -inline-max-depth 5 -inlining-report -inlining-overrides overrides.sexp -o almabench.native almabench.ml 2>flambda.out
Shell: ssh 192.168.0.12 /home/fyquah/worker-rundir/0/benchmark_binary.sh /home/fyquah/worker-rundir/0/binary.exe 10
Loaded override devisions: 
=> (((At_call_site ((Pervasives camlPervasives) open_out 605) 0 ((Pervasives camlPervasives) open_out_gen 592)) (At_call_site TOP_LEVEL 21 ((Pervasives camlPervasives) open_out 605))) ((Pervasives camlPervasives) open_out_gen 592) true)
=> (((At_call_site TOP_LEVEL 18 ((Printf camlPrintf) printf 145))) ((Printf camlPrintf) printf 145) false)

OVERRIDE Applied = Printf.printf/145 call stack = ((At_call_site TOP_LEVEL 18 ((Printf camlPrintf) printf 145))) with false
Shell: cp almabench.native /tmp/fyp_006682_almabench
Shell: chmod 755 /tmp/fyp_006682_almabench
Shell: make clean
Running /tmp/fyp_006682_almabench
Shell: scp /tmp/fyp_006682_almabench 192.168.0.10:/home/fyquah/worker-rundir/0/binary.exe
echo '()' >overrides.sexp
rm -rf *.cm* *.native *.o *.data_collector.sexp
../../../ocaml/ocamlopt -dflambda -inline-max-depth 5 -inlining-report -inlining-overrides overrides.sexp -o almabench.native almabench.ml 2>flambda.out
Shell: ssh 192.168.0.10 /home/fyquah/worker-rundir/0/benchmark_binary.sh /home/fyquah/worker-rundir/0/binary.exe 10
Loaded override devisions: 
=> (((At_call_site TOP_LEVEL 18 ((Printf camlPrintf) printf 145))) ((Printf camlPrintf) printf 145) false)
=> (((At_call_site ((Printf camlPrintf) printf 145) 0 ((CamlinternalFormat camlCamlinternalFormat) make_printf 4764)) (At_call_site TOP_LEVEL 18 ((Printf camlPrintf) printf 145))) ((CamlinternalFormat camlCamlinternalFormat) make_printf 4764) true)

OVERRIDE Applied = Printf.printf/145 call stack = ((At_call_site TOP_LEVEL 18 ((Printf camlPrintf) printf 145))) with false
Shell: cp almabench.native /tmp/fyp_321968_almabench
Shell: chmod 755 /tmp/fyp_321968_almabench
Shell: make clean
echo '()' >overrides.sexp
rm -rf *.cm* *.native *.o *.data_collector.sexp
../../../ocaml/ocamlopt -dflambda -inline-max-depth 5 -inlining-report -inlining-overrides overrides.sexp -o almabench.native almabench.ml 2>flambda.out
Loaded override devisions: 
=> (((At_call_site ((Printf camlPrintf) printf 145) 0 ((CamlinternalFormat camlCamlinternalFormat) make_printf 4764)) (At_call_site TOP_LEVEL 18 ((Printf camlPrintf) printf 145))) ((CamlinternalFormat camlCamlinternalFormat) make_printf 4764) true)
=> (((At_call_site TOP_LEVEL 16 ((Almabench camlAlmabench) radecdist 1732))) ((Almabench camlAlmabench) radecdist 1732) true)

OVERRIDE Applied = radecdist/1732 call stack = ((At_call_site TOP_LEVEL 16 ((Almabench camlAlmabench) radecdist 1732))) with true
OVERRIDE Applied = CamlinternalFormat.make_printf/4764 call stack = ((At_call_site ((Printf camlPrintf) printf 145) 0 ((CamlinternalFormat camlCamlinternalFormat) make_printf 4764)) (At_call_site TOP_LEVEL 18 ((Printf camlPrintf) printf 145))) with true
Shell: cp almabench.native /tmp/fyp_8b3726_almabench
Shell: chmod 755 /tmp/fyp_8b3726_almabench
Done with /tmp/fyp_787110_almabench. Saving results ...
24.462
24.784
24.639
23.917
24.12
24.05
24.521
24.147
24.846
23.928
24.445
24.296
24.162
24.55
24.44
24.556
24.062
24.275
24.066
24.548
24.454
24.017
24.69
24.469
23.912
24.231
24.532
24.232
Shell: scp /tmp/fyp_321968_almabench 192.168.0.11:/home/fyquah/worker-rundir/0/binary.exe
Running /tmp/fyp_321968_almabench
Shell: make clean
echo '()' >overrides.sexp
rm -rf *.cm* *.native *.o *.data_collector.sexp
../../../ocaml/ocamlopt -dflambda -inline-max-depth 5 -inlining-report -inlining-overrides overrides.sexp -o almabench.native almabench.ml 2>flambda.out
Shell: ssh 192.168.0.11 /home/fyquah/worker-rundir/0/benchmark_binary.sh /home/fyquah/worker-rundir/0/binary.exe 10
Loaded override devisions: 
=> (((At_call_site TOP_LEVEL 16 ((Almabench camlAlmabench) radecdist 1732))) ((Almabench camlAlmabench) radecdist 1732) true)
=> (((At_call_site TOP_LEVEL 14 ((Almabench camlAlmabench) planetpv_hello 2022))) ((Almabench camlAlmabench) planetpv_hello 2022) false)

OVERRIDE Applied = planetpv_hello/2022 call stack = ((At_call_site TOP_LEVEL 14 ((Almabench camlAlmabench) planetpv_hello 2022))) with false
Shell: cp almabench.native /tmp/fyp_700145_almabench
Shell: chmod 755 /tmp/fyp_700145_almabench
Done with /tmp/fyp_35ef2a_almabench. Saving results ...
24.341
Shell: make clean
Running /tmp/fyp_8b3726_almabench
Shell: scp /tmp/fyp_8b3726_almabench 192.168.0.12:/home/fyquah/worker-rundir/0/binary.exe
echo '()' >overrides.sexp
rm -rf *.cm* *.native *.o *.data_collector.sexp
../../../ocaml/ocamlopt -dflambda -inline-max-depth 5 -inlining-report -inlining-overrides overrides.sexp -o almabench.native almabench.ml 2>flambda.out
Shell: ssh 192.168.0.12 /home/fyquah/worker-rundir/0/benchmark_binary.sh /home/fyquah/worker-rundir/0/binary.exe 10
Loaded override devisions: 
=> (((At_call_site TOP_LEVEL 14 ((Almabench camlAlmabench) planetpv_hello 2022))) ((Almabench camlAlmabench) planetpv_hello 2022) false)
=> (((At_call_site ((Almabench camlAlmabench) planetpv_hello 2022) 0 ((Almabench camlAlmabench) planetpv 950)) (At_call_site TOP_LEVEL 14 ((Almabench camlAlmabench) planetpv_hello 2022))) ((Almabench camlAlmabench) planetpv 950) true)

OVERRIDE Applied = planetpv_hello/2022 call stack = ((At_call_site TOP_LEVEL 14 ((Almabench camlAlmabench) planetpv_hello 2022))) with false
Shell: cp almabench.native /tmp/fyp_2fc521_almabench
Shell: chmod 755 /tmp/fyp_2fc521_almabench
Done with /tmp/fyp_006682_almabench. Saving results ...
24.278
Shell: make clean
Running /tmp/fyp_700145_almabench
Shell: scp /tmp/fyp_700145_almabench 192.168.0.10:/home/fyquah/worker-rundir/0/binary.exe
echo '()' >overrides.sexp
rm -rf *.cm* *.native *.o *.data_collector.sexp
../../../ocaml/ocamlopt -dflambda -inline-max-depth 5 -inlining-report -inlining-overrides overrides.sexp -o almabench.native almabench.ml 2>flambda.out
Shell: ssh 192.168.0.10 /home/fyquah/worker-rundir/0/benchmark_binary.sh /home/fyquah/worker-rundir/0/binary.exe 10
Loaded override devisions: 
=> (((At_call_site ((Almabench camlAlmabench) planetpv_hello 2022) 0 ((Almabench camlAlmabench) planetpv 950)) (At_call_site TOP_LEVEL 14 ((Almabench camlAlmabench) planetpv_hello 2022))) ((Almabench camlAlmabench) planetpv 950) true)
=> (((At_call_site ((Almabench camlAlmabench) planetpv_hello 2022) 13 ((Almabench camlAlmabench) planetpv 950)) (Enter_decl TOP_LEVEL ((Almabench camlAlmabench) planetpv_hello 2022))) ((Almabench camlAlmabench) planetpv 950) true)

OVERRIDE Applied = planetpv/950 call stack = ((At_call_site ((Almabench camlAlmabench) planetpv_hello 2022) 13 ((Almabench camlAlmabench) planetpv 950)) (Enter_decl TOP_LEVEL ((Almabench camlAlmabench) planetpv_hello 2022))) with true
Shell: cp almabench.native /tmp/fyp_9053a6_almabench
Shell: chmod 755 /tmp/fyp_9053a6_almabench
Done with /tmp/fyp_8b3726_almabench. Saving results ...
23.996
23.872
24.62
24.968
23.829
24.393
24.848
25.003
24.01
24.948
24.036
24.089
24.193
23.82
24.645
24.473
23.64
24.335
24.16
24.227
24.047
24.06
24.287
24.175
23.598
24.686
24.255
24.488
Shell: scp /tmp/fyp_2fc521_almabench 192.168.0.12:/home/fyquah/worker-rundir/0/binary.exe
Running /tmp/fyp_2fc521_almabench
Shell: make clean
echo '()' >overrides.sexp
rm -rf *.cm* *.native *.o *.data_collector.sexp
../../../ocaml/ocamlopt -dflambda -inline-max-depth 5 -inlining-report -inlining-overrides overrides.sexp -o almabench.native almabench.ml 2>flambda.out
Shell: ssh 192.168.0.12 /home/fyquah/worker-rundir/0/benchmark_binary.sh /home/fyquah/worker-rundir/0/binary.exe 10
Done with /tmp/fyp_321968_almabench. Saving results ...
Running /tmp/fyp_9053a6_almabench
24.358
Shell: scp /tmp/fyp_9053a6_almabench 192.168.0.11:/home/fyquah/worker-rundir/0/binary.exe
Shell: ssh 192.168.0.11 /home/fyquah/worker-rundir/0/benchmark_binary.sh /home/fyquah/worker-rundir/0/binary.exe 10
Loaded override devisions: 
=> (((At_call_site ((Almabench camlAlmabench) planetpv_hello 2022) 13 ((Almabench camlAlmabench) planetpv 950)) (Enter_decl TOP_LEVEL ((Almabench camlAlmabench) planetpv_hello 2022))) ((Almabench camlAlmabench) planetpv 950) true)
=> (((At_call_site TOP_LEVEL 10 ((Printf camlPrintf) printf 145))) ((Printf camlPrintf) printf 145) false)

OVERRIDE Applied = Printf.printf/145 call stack = ((At_call_site TOP_LEVEL 10 ((Printf camlPrintf) printf 145))) with false
Shell: cp almabench.native /tmp/fyp_67c682_almabench
Shell: chmod 755 /tmp/fyp_67c682_almabench
Shell: make clean
echo '()' >overrides.sexp
rm -rf *.cm* *.native *.o *.data_collector.sexp
../../../ocaml/ocamlopt -dflambda -inline-max-depth 5 -inlining-report -inlining-overrides overrides.sexp -o almabench.native almabench.ml 2>flambda.out
Loaded override devisions: 
=> (((At_call_site TOP_LEVEL 10 ((Printf camlPrintf) printf 145))) ((Printf camlPrintf) printf 145) false)
=> (((At_call_site ((Printf camlPrintf) printf 145) 0 ((CamlinternalFormat camlCamlinternalFormat) make_printf 4764)) (At_call_site TOP_LEVEL 10 ((Printf camlPrintf) printf 145))) ((CamlinternalFormat camlCamlinternalFormat) make_printf 4764) true)

OVERRIDE Applied = Printf.printf/145 call stack = ((At_call_site TOP_LEVEL 10 ((Printf camlPrintf) printf 145))) with false
Shell: cp almabench.native /tmp/fyp_4f0a45_almabench
Shell: chmod 755 /tmp/fyp_4f0a45_almabench
Done with /tmp/fyp_700145_almabench. Saving results ...
24.698
Shell: make clean
Running /tmp/fyp_67c682_almabench
Shell: scp /tmp/fyp_67c682_almabench 192.168.0.10:/home/fyquah/worker-rundir/0/binary.exe
echo '()' >overrides.sexp
rm -rf *.cm* *.native *.o *.data_collector.sexp
../../../ocaml/ocamlopt -dflambda -inline-max-depth 5 -inlining-report -inlining-overrides overrides.sexp -o almabench.native almabench.ml 2>flambda.out
Shell: ssh 192.168.0.10 /home/fyquah/worker-rundir/0/benchmark_binary.sh /home/fyquah/worker-rundir/0/binary.exe 10
Loaded override devisions: 
=> (((At_call_site ((Printf camlPrintf) printf 145) 0 ((CamlinternalFormat camlCamlinternalFormat) make_printf 4764)) (At_call_site TOP_LEVEL 10 ((Printf camlPrintf) printf 145))) ((CamlinternalFormat camlCamlinternalFormat) make_printf 4764) true)
=> (((At_call_site TOP_LEVEL 8 ((Almabench camlAlmabench) radecdist 1732))) ((Almabench camlAlmabench) radecdist 1732) true)

OVERRIDE Applied = radecdist/1732 call stack = ((At_call_site TOP_LEVEL 8 ((Almabench camlAlmabench) radecdist 1732))) with true
OVERRIDE Applied = CamlinternalFormat.make_printf/4764 call stack = ((At_call_site ((Printf camlPrintf) printf 145) 0 ((CamlinternalFormat camlCamlinternalFormat) make_printf 4764)) (At_call_site TOP_LEVEL 10 ((Printf camlPrintf) printf 145))) with true
Shell: cp almabench.native /tmp/fyp_3b677b_almabench
Shell: chmod 755 /tmp/fyp_3b677b_almabench
Done with /tmp/fyp_9053a6_almabench. Saving results ...
Running /tmp/fyp_4f0a45_almabench
24.285
24.253
24.055
24.231
23.762
23.961
24.035
24.816
24.511
24.549
24.671
24.128
23.779
24.306
24.574
24.147
24.752
24.42
24.411
25.051
24.328
24.81
24.796
24.26
24.239
24.238
24.242
23.948
Shell: make clean
Shell: scp /tmp/fyp_4f0a45_almabench 192.168.0.11:/home/fyquah/worker-rundir/0/binary.exe
echo '()' >overrides.sexp
rm -rf *.cm* *.native *.o *.data_collector.sexp
../../../ocaml/ocamlopt -dflambda -inline-max-depth 5 -inlining-report -inlining-overrides overrides.sexp -o almabench.native almabench.ml 2>flambda.out
Shell: ssh 192.168.0.11 /home/fyquah/worker-rundir/0/benchmark_binary.sh /home/fyquah/worker-rundir/0/binary.exe 10
Loaded override devisions: 
=> (((At_call_site TOP_LEVEL 8 ((Almabench camlAlmabench) radecdist 1732))) ((Almabench camlAlmabench) radecdist 1732) true)
=> (((At_call_site TOP_LEVEL 5 ((Almabench camlAlmabench) planetpv 950))) ((Almabench camlAlmabench) planetpv 950) true)

OVERRIDE Applied = planetpv/950 call stack = ((At_call_site TOP_LEVEL 5 ((Almabench camlAlmabench) planetpv 950))) with true
OVERRIDE Applied = radecdist/1732 call stack = ((At_call_site TOP_LEVEL 8 ((Almabench camlAlmabench) radecdist 1732))) with true
Shell: cp almabench.native /tmp/fyp_a3aab2_almabench
Shell: chmod 755 /tmp/fyp_a3aab2_almabench
Done with /tmp/fyp_2fc521_almabench. Saving results ...
24.117
Shell: make clean
Running /tmp/fyp_3b677b_almabench
Shell: scp /tmp/fyp_3b677b_almabench 192.168.0.12:/home/fyquah/worker-rundir/0/binary.exe
echo '()' >overrides.sexp
rm -rf *.cm* *.native *.o *.data_collector.sexp
../../../ocaml/ocamlopt -dflambda -inline-max-depth 5 -inlining-report -inlining-overrides overrides.sexp -o almabench.native almabench.ml 2>flambda.out
Shell: ssh 192.168.0.12 /home/fyquah/worker-rundir/0/benchmark_binary.sh /home/fyquah/worker-rundir/0/binary.exe 10
Loaded override devisions: 
=> (((At_call_site TOP_LEVEL 5 ((Almabench camlAlmabench) planetpv 950))) ((Almabench camlAlmabench) planetpv 950) true)
=> (((At_call_site ((Almabench camlAlmabench) radecdist 1732) 4 ((Almabench camlAlmabench) super_function 1803)) (Enter_decl TOP_LEVEL ((Almabench camlAlmabench) radecdist 1732))) ((Almabench camlAlmabench) super_function 1803) true)

OVERRIDE Applied = super_function/1803 call stack = ((At_call_site ((Almabench camlAlmabench) radecdist 1732) 4 ((Almabench camlAlmabench) super_function 1803)) (Enter_decl TOP_LEVEL ((Almabench camlAlmabench) radecdist 1732))) with true
OVERRIDE Applied = planetpv/950 call stack = ((At_call_site TOP_LEVEL 5 ((Almabench camlAlmabench) planetpv 950))) with true
Shell: cp almabench.native /tmp/fyp_50d661_almabench
Shell: chmod 755 /tmp/fyp_50d661_almabench
Done with /tmp/fyp_67c682_almabench. Saving results ...
Running /tmp/fyp_a3aab2_almabench
25.427
Shell: make clean
Shell: scp /tmp/fyp_a3aab2_almabench 192.168.0.10:/home/fyquah/worker-rundir/0/binary.exe
echo '()' >overrides.sexp
rm -rf *.cm* *.native *.o *.data_collector.sexp
../../../ocaml/ocamlopt -dflambda -inline-max-depth 5 -inlining-report -inlining-overrides overrides.sexp -o almabench.native almabench.ml 2>flambda.out
Shell: ssh 192.168.0.10 /home/fyquah/worker-rundir/0/benchmark_binary.sh /home/fyquah/worker-rundir/0/binary.exe 10
Loaded override devisions: 
=> (((At_call_site ((Almabench camlAlmabench) radecdist 1732) 4 ((Almabench camlAlmabench) super_function 1803)) (Enter_decl TOP_LEVEL ((Almabench camlAlmabench) radecdist 1732))) ((Almabench camlAlmabench) super_function 1803) true)
=> (((At_call_site ((Almabench camlAlmabench) super_function 1803) 3 ((Almabench camlAlmabench) f 1809)) (Enter_decl ((Almabench camlAlmabench) radecdist 1732) ((Almabench camlAlmabench) super_function 1803)) (Enter_decl TOP_LEVEL ((Almabench camlAlmabench) radecdist 1732))) ((Almabench camlAlmabench) f 1809) false)

OVERRIDE Applied = f/1809 call stack = ((At_call_site ((Almabench camlAlmabench) super_function 1803) 3 ((Almabench camlAlmabench) f 1809)) (Enter_decl ((Almabench camlAlmabench) radecdist 1732) ((Almabench camlAlmabench) super_function 1803)) (Enter_decl TOP_LEVEL ((Almabench camlAlmabench) radecdist 1732))) with false
OVERRIDE Applied = super_function/1803 call stack = ((At_call_site ((Almabench camlAlmabench) radecdist 1732) 4 ((Almabench camlAlmabench) super_function 1803)) (Enter_decl TOP_LEVEL ((Almabench camlAlmabench) radecdist 1732))) with true
Shell: cp almabench.native /tmp/fyp_ca4c09_almabench
Shell: chmod 755 /tmp/fyp_ca4c09_almabench
Done with /tmp/fyp_4f0a45_almabench. Saving results ...
Running /tmp/fyp_50d661_almabench
24.022
23.808
24.277
24.604
24.037
24.003
23.932
23.78
24.067
24.658
24.03
24.02
24.556
23.692
23.935
24.395
24.751
24.45
24.346
24.147
23.811
23.483
24.285
24.072
24.176
27.393
24.1
24.033
Shell: scp /tmp/fyp_50d661_almabench 192.168.0.11:/home/fyquah/worker-rundir/0/binary.exe
Shell: make clean
echo '()' >overrides.sexp
rm -rf *.cm* *.native *.o *.data_collector.sexp
../../../ocaml/ocamlopt -dflambda -inline-max-depth 5 -inlining-report -inlining-overrides overrides.sexp -o almabench.native almabench.ml 2>flambda.out
Shell: ssh 192.168.0.11 /home/fyquah/worker-rundir/0/benchmark_binary.sh /home/fyquah/worker-rundir/0/binary.exe 10
Loaded override devisions: 
=> (((At_call_site ((Almabench camlAlmabench) super_function 1803) 3 ((Almabench camlAlmabench) f 1809)) (Enter_decl ((Almabench camlAlmabench) radecdist 1732) ((Almabench camlAlmabench) super_function 1803)) (Enter_decl TOP_LEVEL ((Almabench camlAlmabench) radecdist 1732))) ((Almabench camlAlmabench) f 1809) false)
=> (((At_call_site ((Almabench camlAlmabench) f 1809) 2 ((List camlList) length 167)) (Enter_decl ((Almabench camlAlmabench) super_function 1803) ((Almabench camlAlmabench) f 1809)) (Enter_decl ((Almabench camlAlmabench) radecdist 1732) ((Almabench camlAlmabench) super_function 1803)) (Enter_decl TOP_LEVEL ((Almabench camlAlmabench) radecdist 1732))) ((List camlList) length 167) false)

OVERRIDE Applied = List.length/167 call stack = ((At_call_site ((Almabench camlAlmabench) f 1809) 2 ((List camlList) length 167)) (Enter_decl ((Almabench camlAlmabench) super_function 1803) ((Almabench camlAlmabench) f 1809)) (Enter_decl ((Almabench camlAlmabench) radecdist 1732) ((Almabench camlAlmabench) super_function 1803)) (Enter_decl TOP_LEVEL ((Almabench camlAlmabench) radecdist 1732))) with false
OVERRIDE Applied = f/1809 call stack = ((At_call_site ((Almabench camlAlmabench) super_function 1803) 3 ((Almabench camlAlmabench) f 1809)) (Enter_decl ((Almabench camlAlmabench) radecdist 1732) ((Almabench camlAlmabench) super_function 1803)) (Enter_decl TOP_LEVEL ((Almabench camlAlmabench) radecdist 1732))) with false
Shell: cp almabench.native /tmp/fyp_981a48_almabench
Shell: chmod 755 /tmp/fyp_981a48_almabench
Done with /tmp/fyp_3b677b_almabench. Saving results ...
Running /tmp/fyp_ca4c09_almabench
23.591
Shell: make clean
Shell: scp /tmp/fyp_ca4c09_almabench 192.168.0.12:/home/fyquah/worker-rundir/0/binary.exe
echo '()' >overrides.sexp
rm -rf *.cm* *.native *.o *.data_collector.sexp
../../../ocaml/ocamlopt -dflambda -inline-max-depth 5 -inlining-report -inlining-overrides overrides.sexp -o almabench.native almabench.ml 2>flambda.out
Shell: ssh 192.168.0.12 /home/fyquah/worker-rundir/0/benchmark_binary.sh /home/fyquah/worker-rundir/0/binary.exe 10
Done with /tmp/fyp_a3aab2_almabench. Saving results ...
Running /tmp/fyp_981a48_almabench
24.377
Shell: scp /tmp/fyp_981a48_almabench 192.168.0.10:/home/fyquah/worker-rundir/0/binary.exe
Loaded override devisions: 
=> (((At_call_site ((Almabench camlAlmabench) f 1809) 2 ((List camlList) length 167)) (Enter_decl ((Almabench camlAlmabench) super_function 1803) ((Almabench camlAlmabench) f 1809)) (Enter_decl ((Almabench camlAlmabench) radecdist 1732) ((Almabench camlAlmabench) super_function 1803)) (Enter_decl TOP_LEVEL ((Almabench camlAlmabench) radecdist 1732))) ((List camlList) length 167) false)
=> (((At_call_site ((Almabench camlAlmabench) planetpv 950) 1 ((Almabench camlAlmabench) anpm 930)) (Enter_decl TOP_LEVEL ((Almabench camlAlmabench) planetpv 950))) ((Almabench camlAlmabench) anpm 930) true)

OVERRIDE Applied = anpm/930 call stack = ((At_call_site ((Almabench camlAlmabench) planetpv 950) 1 ((Almabench camlAlmabench) anpm 930)) (Enter_decl TOP_LEVEL ((Almabench camlAlmabench) planetpv 950))) with true
OVERRIDE Applied = List.length/167 call stack = ((At_call_site ((Almabench camlAlmabench) f 1809) 2 ((List camlList) length 167)) (Enter_decl ((Almabench camlAlmabench) super_function 1803) ((Almabench camlAlmabench) f 1809)) (Enter_decl ((Almabench camlAlmabench) radecdist 1732) ((Almabench camlAlmabench) super_function 1803)) (Enter_decl TOP_LEVEL ((Almabench camlAlmabench) radecdist 1732))) with false
Shell: cp almabench.native /tmp/fyp_a94144_almabench
Shell: chmod 755 /tmp/fyp_a94144_almabench
Shell: ssh 192.168.0.10 /home/fyquah/worker-rundir/0/benchmark_binary.sh /home/fyquah/worker-rundir/0/binary.exe 10
Done with /tmp/fyp_50d661_almabench. Saving results ...
Running /tmp/fyp_a94144_almabench
23.946
24.119
24.151
23.821
23.932
24.892
24.108
23.803
26.555
23.96
25.214
24.232
23.95
24.335
23.801
23.848
23.726
24.179
25.051
24.214
24.46
23.969
23.813
24.02
23.886
23.954
23.964
23.794
Shell: scp /tmp/fyp_a94144_almabench 192.168.0.11:/home/fyquah/worker-rundir/0/binary.exe
Shell: ssh 192.168.0.11 /home/fyquah/worker-rundir/0/benchmark_binary.sh /home/fyquah/worker-rundir/0/binary.exe 10
Done with /tmp/fyp_ca4c09_almabench. Saving results ...
Done with /tmp/fyp_981a48_almabench. Saving results ...
Done with /tmp/fyp_a94144_almabench. Saving results ...
Completed experiment!24.41
23.82
24.196
23.94
23.852
24.542
23.97
24.482
23.738
24.62
25.478
24.232
