echo '()' >overrides.sexp
rm -rf *.cm* *.native *.o *.data_collector.sexp
Shell: make clean
((((At_call_site TOP_LEVEL 23 ((Gc camlGc) print_stat 22)))
  ((Gc camlGc) print_stat 22) false)
 (((At_call_site TOP_LEVEL 21 ((Pervasives camlPervasives) open_out 605)))
  ((Pervasives camlPervasives) open_out 605) true)
 (((At_call_site ((Pervasives camlPervasives) open_out 605) 0
    ((Pervasives camlPervasives) open_out_gen 592))
   (At_call_site TOP_LEVEL 21 ((Pervasives camlPervasives) open_out 605)))
  ((Pervasives camlPervasives) open_out_gen 592) false)
 (((At_call_site TOP_LEVEL 18 ((Printf camlPrintf) printf 145)))
  ((Printf camlPrintf) printf 145) true)
 (((At_call_site ((Printf camlPrintf) printf 145) 0
    ((CamlinternalFormat camlCamlinternalFormat) make_printf 4764))
   (At_call_site TOP_LEVEL 18 ((Printf camlPrintf) printf 145)))
  ((CamlinternalFormat camlCamlinternalFormat) make_printf 4764) false)
 (((At_call_site TOP_LEVEL 16 ((Almabench camlAlmabench) radecdist 1732)))
  ((Almabench camlAlmabench) radecdist 1732) false)
 (((At_call_site TOP_LEVEL 14
    ((Almabench camlAlmabench) planetpv_hello 2022)))
  ((Almabench camlAlmabench) planetpv_hello 2022) true)
 (((At_call_site ((Almabench camlAlmabench) planetpv_hello 2022) 0
    ((Almabench camlAlmabench) planetpv 950))
   (At_call_site TOP_LEVEL 14
    ((Almabench camlAlmabench) planetpv_hello 2022)))
  ((Almabench camlAlmabench) planetpv 950) false)
 (((At_call_site ((Almabench camlAlmabench) planetpv_hello 2022) 13
    ((Almabench camlAlmabench) planetpv 950))
   (Enter_decl TOP_LEVEL ((Almabench camlAlmabench) planetpv_hello 2022)))
  ((Almabench camlAlmabench) planetpv 950) false)
 (((At_call_site TOP_LEVEL 10 ((Printf camlPrintf) printf 145)))
  ((Printf camlPrintf) printf 145) true)
 (((At_call_site ((Printf camlPrintf) printf 145) 0
    ((CamlinternalFormat camlCamlinternalFormat) make_printf 4764))
   (At_call_site TOP_LEVEL 10 ((Printf camlPrintf) printf 145)))
  ((CamlinternalFormat camlCamlinternalFormat) make_printf 4764) false)
 (((At_call_site TOP_LEVEL 8 ((Almabench camlAlmabench) radecdist 1732)))
  ((Almabench camlAlmabench) radecdist 1732) false)
 (((At_call_site TOP_LEVEL 5 ((Almabench camlAlmabench) planetpv 950)))
  ((Almabench camlAlmabench) planetpv 950) false)
 (((At_call_site ((Almabench camlAlmabench) radecdist 1732) 4
    ((Almabench camlAlmabench) super_function 1803))
   (Enter_decl TOP_LEVEL ((Almabench camlAlmabench) radecdist 1732)))
  ((Almabench camlAlmabench) super_function 1803) false)
 (((At_call_site ((Almabench camlAlmabench) super_function 1803) 3
    ((Almabench camlAlmabench) f 1809))
   (Enter_decl ((Almabench camlAlmabench) radecdist 1732)
    ((Almabench camlAlmabench) super_function 1803))
   (Enter_decl TOP_LEVEL ((Almabench camlAlmabench) radecdist 1732)))
  ((Almabench camlAlmabench) f 1809) true)
 (((At_call_site ((Almabench camlAlmabench) f 1809) 2
    ((List camlList) length 167))
   (Enter_decl ((Almabench camlAlmabench) super_function 1803)
    ((Almabench camlAlmabench) f 1809))
   (Enter_decl ((Almabench camlAlmabench) radecdist 1732)
    ((Almabench camlAlmabench) super_function 1803))
   (Enter_decl TOP_LEVEL ((Almabench camlAlmabench) radecdist 1732)))
  ((List camlList) length 167) true)
 (((At_call_site ((Almabench camlAlmabench) planetpv 950) 1
    ((Almabench camlAlmabench) anpm 930))
   (Enter_decl TOP_LEVEL ((Almabench camlAlmabench) planetpv 950)))
  ((Almabench camlAlmabench) anpm 930) false)
 (((At_call_site ((Almabench camlAlmabench) planetpv 950) 0
    ((Almabench camlAlmabench) anpm 930))
   (Enter_decl TOP_LEVEL ((Almabench camlAlmabench) planetpv 950)))
  ((Almabench camlAlmabench) anpm 930) false))((((At_call_site TOP_LEVEL 23 ((Gc camlGc) print_stat 22)))
  ((Gc camlGc) print_stat 22) false)
 (((At_call_site TOP_LEVEL 21 ((Pervasives camlPervasives) open_out 605)))
  ((Pervasives camlPervasives) open_out 605) true)
 (((At_call_site ((Pervasives camlPervasives) open_out 605) 0
    ((Pervasives camlPervasives) open_out_gen 592))
   (At_call_site TOP_LEVEL 21 ((Pervasives camlPervasives) open_out 605)))
  ((Pervasives camlPervasives) open_out_gen 592) false)
 (((At_call_site TOP_LEVEL 18 ((Printf camlPrintf) printf 145)))
  ((Printf camlPrintf) printf 145) true)
 (((At_call_site ((Printf camlPrintf) printf 145) 0
    ((CamlinternalFormat camlCamlinternalFormat) make_printf 4764))
   (At_call_site TOP_LEVEL 18 ((Printf camlPrintf) printf 145)))
  ((CamlinternalFormat camlCamlinternalFormat) make_printf 4764) false)
 (((At_call_site TOP_LEVEL 16 ((Almabench camlAlmabench) radecdist 1732)))
  ((Almabench camlAlmabench) radecdist 1732) false)
 (((At_call_site TOP_LEVEL 14
    ((Almabench camlAlmabench) planetpv_hello 2022)))
  ((Almabench camlAlmabench) planetpv_hello 2022) true)
 (((At_call_site ((Almabench camlAlmabench) planetpv_hello 2022) 0
    ((Almabench camlAlmabench) planetpv 950))
   (At_call_site TOP_LEVEL 14
    ((Almabench camlAlmabench) planetpv_hello 2022)))
  ((Almabench camlAlmabench) planetpv 950) false)
 (((At_call_site ((Almabench camlAlmabench) planetpv_hello 2022) 13
    ((Almabench camlAlmabench) planetpv 950))
   (Enter_decl TOP_LEVEL ((Almabench camlAlmabench) planetpv_hello 2022)))
  ((Almabench camlAlmabench) planetpv 950) false)
 (((At_call_site TOP_LEVEL 10 ((Printf camlPrintf) printf 145)))
  ((Printf camlPrintf) printf 145) true)
 (((At_call_site ((Printf camlPrintf) printf 145) 0
    ((CamlinternalFormat camlCamlinternalFormat) make_printf 4764))
   (At_call_site TOP_LEVEL 10 ((Printf camlPrintf) printf 145)))
  ((CamlinternalFormat camlCamlinternalFormat) make_printf 4764) false)
 (((At_call_site TOP_LEVEL 8 ((Almabench camlAlmabench) radecdist 1732)))
  ((Almabench camlAlmabench) radecdist 1732) false)
 (((At_call_site TOP_LEVEL 5 ((Almabench camlAlmabench) planetpv 950)))
  ((Almabench camlAlmabench) planetpv 950) false)
 (((At_call_site ((Almabench camlAlmabench) radecdist 1732) 4
    ((Almabench camlAlmabench) super_function 1803))
   (Enter_decl TOP_LEVEL ((Almabench camlAlmabench) radecdist 1732)))
  ((Almabench camlAlmabench) super_function 1803) false)
 (((At_call_site ((Almabench camlAlmabench) super_function 1803) 3
    ((Almabench camlAlmabench) f 1809))
   (Enter_decl ((Almabench camlAlmabench) radecdist 1732)
    ((Almabench camlAlmabench) super_function 1803))
   (Enter_decl TOP_LEVEL ((Almabench camlAlmabench) radecdist 1732)))
  ((Almabench camlAlmabench) f 1809) true)
 (((At_call_site ((Almabench camlAlmabench) f 1809) 2
    ((List camlList) length 167))
   (Enter_decl ((Almabench camlAlmabench) super_function 1803)
    ((Almabench camlAlmabench) f 1809))
   (Enter_decl ((Almabench camlAlmabench) radecdist 1732)
    ((Almabench camlAlmabench) super_function 1803))
   (Enter_decl TOP_LEVEL ((Almabench camlAlmabench) radecdist 1732)))
  ((List camlList) length 167) true)
 (((At_call_site ((Almabench camlAlmabench) planetpv 950) 1
    ((Almabench camlAlmabench) anpm 930))
   (Enter_decl TOP_LEVEL ((Almabench camlAlmabench) planetpv 950)))
  ((Almabench camlAlmabench) anpm 930) false)
 (((At_call_site ((Almabench camlAlmabench) planetpv 950) 0
    ((Almabench camlAlmabench) anpm 930))
   (Enter_decl TOP_LEVEL ((Almabench camlAlmabench) planetpv 950)))
  ((Almabench camlAlmabench) anpm 930) false))echo '()' >overrides.sexp
rm -rf *.cm* *.native *.o *.data_collector.sexp
../../../ocaml/ocamlopt -dflambda -inline-max-depth 5 -inlining-report -inlining-overrides overrides.sexp -o almabench.native almabench.ml 2>flambda.out
Loaded override devisions: 
=> (((At_call_site TOP_LEVEL 23 ((Gc camlGc) print_stat 22))) ((Gc camlGc) print_stat 22) true)
=> (((At_call_site TOP_LEVEL 21 ((Pervasives camlPervasives) open_out 605))) ((Pervasives camlPervasives) open_out 605) false)

OVERRIDE Applied = Pervasives.open_out/605 call stack = ((At_call_site TOP_LEVEL 21 ((Pervasives camlPervasives) open_out 605))) with false
Shell: cp almabench.native /tmp/fyp_68fe89_almabench
Shell: chmod 755 /tmp/fyp_68fe89_almabench
Shell: make clean
Running /tmp/fyp_68fe89_almabench
Shell: scp /tmp/fyp_68fe89_almabench 192.168.0.11:/home/fyquah/worker-rundir/0/binary.exe
echo '()' >overrides.sexp
rm -rf *.cm* *.native *.o *.data_collector.sexp
../../../ocaml/ocamlopt -dflambda -inline-max-depth 5 -inlining-report -inlining-overrides overrides.sexp -o almabench.native almabench.ml 2>flambda.out
Shell: ssh 192.168.0.11 /home/fyquah/worker-rundir/0/benchmark_binary.sh /home/fyquah/worker-rundir/0/binary.exe 10
Loaded override devisions: 
=> (((At_call_site TOP_LEVEL 21 ((Pervasives camlPervasives) open_out 605))) ((Pervasives camlPervasives) open_out 605) false)
=> (((At_call_site ((Pervasives camlPervasives) open_out 605) 0 ((Pervasives camlPervasives) open_out_gen 592)) (At_call_site TOP_LEVEL 21 ((Pervasives camlPervasives) open_out 605))) ((Pervasives camlPervasives) open_out_gen 592) true)

OVERRIDE Applied = Pervasives.open_out/605 call stack = ((At_call_site TOP_LEVEL 21 ((Pervasives camlPervasives) open_out 605))) with false
Shell: cp almabench.native /tmp/fyp_bb1c05_almabench
Shell: chmod 755 /tmp/fyp_bb1c05_almabench
Shell: make clean
Running /tmp/fyp_bb1c05_almabench
Shell: scp /tmp/fyp_bb1c05_almabench 192.168.0.12:/home/fyquah/worker-rundir/0/binary.exe
echo '()' >overrides.sexp
rm -rf *.cm* *.native *.o *.data_collector.sexp
../../../ocaml/ocamlopt -dflambda -inline-max-depth 5 -inlining-report -inlining-overrides overrides.sexp -o almabench.native almabench.ml 2>flambda.out
Shell: ssh 192.168.0.12 /home/fyquah/worker-rundir/0/benchmark_binary.sh /home/fyquah/worker-rundir/0/binary.exe 10
Loaded override devisions: 
=> (((At_call_site ((Pervasives camlPervasives) open_out 605) 0 ((Pervasives camlPervasives) open_out_gen 592)) (At_call_site TOP_LEVEL 21 ((Pervasives camlPervasives) open_out 605))) ((Pervasives camlPervasives) open_out_gen 592) true)
=> (((At_call_site TOP_LEVEL 18 ((Printf camlPrintf) printf 145))) ((Printf camlPrintf) printf 145) false)

OVERRIDE Applied = Printf.printf/145 call stack = ((At_call_site TOP_LEVEL 18 ((Printf camlPrintf) printf 145))) with false
Shell: cp almabench.native /tmp/fyp_9dac61_almabench
Shell: chmod 755 /tmp/fyp_9dac61_almabench
Running /tmp/fyp_9dac61_almabench
Shell: scp /tmp/fyp_9dac61_almabench 192.168.0.10:/home/fyquah/worker-rundir/0/binary.exe
Shell: make clean
echo '()' >overrides.sexp
rm -rf *.cm* *.native *.o *.data_collector.sexp
../../../ocaml/ocamlopt -dflambda -inline-max-depth 5 -inlining-report -inlining-overrides overrides.sexp -o almabench.native almabench.ml 2>flambda.out
Shell: ssh 192.168.0.10 /home/fyquah/worker-rundir/0/benchmark_binary.sh /home/fyquah/worker-rundir/0/binary.exe 10
Loaded override devisions: 
=> (((At_call_site TOP_LEVEL 18 ((Printf camlPrintf) printf 145))) ((Printf camlPrintf) printf 145) false)
=> (((At_call_site ((Printf camlPrintf) printf 145) 0 ((CamlinternalFormat camlCamlinternalFormat) make_printf 4764)) (At_call_site TOP_LEVEL 18 ((Printf camlPrintf) printf 145))) ((CamlinternalFormat camlCamlinternalFormat) make_printf 4764) true)

OVERRIDE Applied = Printf.printf/145 call stack = ((At_call_site TOP_LEVEL 18 ((Printf camlPrintf) printf 145))) with false
Shell: cp almabench.native /tmp/fyp_d8041d_almabench
Shell: chmod 755 /tmp/fyp_d8041d_almabench
Shell: make clean
echo '()' >overrides.sexp
rm -rf *.cm* *.native *.o *.data_collector.sexp
../../../ocaml/ocamlopt -dflambda -inline-max-depth 5 -inlining-report -inlining-overrides overrides.sexp -o almabench.native almabench.ml 2>flambda.out
Loaded override devisions: 
=> (((At_call_site ((Printf camlPrintf) printf 145) 0 ((CamlinternalFormat camlCamlinternalFormat) make_printf 4764)) (At_call_site TOP_LEVEL 18 ((Printf camlPrintf) printf 145))) ((CamlinternalFormat camlCamlinternalFormat) make_printf 4764) true)
=> (((At_call_site TOP_LEVEL 16 ((Almabench camlAlmabench) radecdist 1732))) ((Almabench camlAlmabench) radecdist 1732) true)

OVERRIDE Applied = radecdist/1732 call stack = ((At_call_site TOP_LEVEL 16 ((Almabench camlAlmabench) radecdist 1732))) with true
OVERRIDE Applied = CamlinternalFormat.make_printf/4764 call stack = ((At_call_site ((Printf camlPrintf) printf 145) 0 ((CamlinternalFormat camlCamlinternalFormat) make_printf 4764)) (At_call_site TOP_LEVEL 18 ((Printf camlPrintf) printf 145))) with true
Shell: cp almabench.native /tmp/fyp_720043_almabench
Shell: chmod 755 /tmp/fyp_720043_almabench
Done with /tmp/fyp_68fe89_almabench. Saving results ...
24.394
24.687
24.39
24.612
23.856
25.635
24.204
25.243
24.779
23.932
24.305
24.144
24.364
24.172
25.067
24.602
24.17
24.371
24.697
24.424
23.957
24.588
24.315
24.613
24.211
24.457
24.598
24.176
Shell: scp /tmp/fyp_d8041d_almabench 192.168.0.11:/home/fyquah/worker-rundir/0/binary.exe
Running /tmp/fyp_d8041d_almabench
Shell: make clean
echo '()' >overrides.sexp
rm -rf *.cm* *.native *.o *.data_collector.sexp
../../../ocaml/ocamlopt -dflambda -inline-max-depth 5 -inlining-report -inlining-overrides overrides.sexp -o almabench.native almabench.ml 2>flambda.out
Shell: ssh 192.168.0.11 /home/fyquah/worker-rundir/0/benchmark_binary.sh /home/fyquah/worker-rundir/0/binary.exe 10
Loaded override devisions: 
=> (((At_call_site TOP_LEVEL 16 ((Almabench camlAlmabench) radecdist 1732))) ((Almabench camlAlmabench) radecdist 1732) true)
=> (((At_call_site TOP_LEVEL 14 ((Almabench camlAlmabench) planetpv_hello 2022))) ((Almabench camlAlmabench) planetpv_hello 2022) false)

OVERRIDE Applied = planetpv_hello/2022 call stack = ((At_call_site TOP_LEVEL 14 ((Almabench camlAlmabench) planetpv_hello 2022))) with false
Shell: cp almabench.native /tmp/fyp_5fa4c4_almabench
Shell: chmod 755 /tmp/fyp_5fa4c4_almabench
Done with /tmp/fyp_bb1c05_almabench. Saving results ...
Running /tmp/fyp_720043_almabench
24.863
Shell: make clean
Shell: scp /tmp/fyp_720043_almabench 192.168.0.12:/home/fyquah/worker-rundir/0/binary.exe
Done with /tmp/fyp_9dac61_almabench. Saving results ...
Running /tmp/fyp_5fa4c4_almabench
echo '()' >overrides.sexp
rm -rf *.cm* *.native *.o *.data_collector.sexp
../../../ocaml/ocamlopt -dflambda -inline-max-depth 5 -inlining-report -inlining-overrides overrides.sexp -o almabench.native almabench.ml 2>flambda.out
24.071
Shell: scp /tmp/fyp_5fa4c4_almabench 192.168.0.10:/home/fyquah/worker-rundir/0/binary.exe
Shell: ssh 192.168.0.12 /home/fyquah/worker-rundir/0/benchmark_binary.sh /home/fyquah/worker-rundir/0/binary.exe 10
Shell: ssh 192.168.0.10 /home/fyquah/worker-rundir/0/benchmark_binary.sh /home/fyquah/worker-rundir/0/binary.exe 10
Loaded override devisions: 
=> (((At_call_site TOP_LEVEL 14 ((Almabench camlAlmabench) planetpv_hello 2022))) ((Almabench camlAlmabench) planetpv_hello 2022) false)
=> (((At_call_site ((Almabench camlAlmabench) planetpv_hello 2022) 0 ((Almabench camlAlmabench) planetpv 950)) (At_call_site TOP_LEVEL 14 ((Almabench camlAlmabench) planetpv_hello 2022))) ((Almabench camlAlmabench) planetpv 950) true)

OVERRIDE Applied = planetpv_hello/2022 call stack = ((At_call_site TOP_LEVEL 14 ((Almabench camlAlmabench) planetpv_hello 2022))) with false
Shell: cp almabench.native /tmp/fyp_aea6c6_almabench
Shell: chmod 755 /tmp/fyp_aea6c6_almabench
Shell: make clean
echo '()' >overrides.sexp
rm -rf *.cm* *.native *.o *.data_collector.sexp
../../../ocaml/ocamlopt -dflambda -inline-max-depth 5 -inlining-report -inlining-overrides overrides.sexp -o almabench.native almabench.ml 2>flambda.out
Loaded override devisions: 
=> (((At_call_site ((Almabench camlAlmabench) planetpv_hello 2022) 0 ((Almabench camlAlmabench) planetpv 950)) (At_call_site TOP_LEVEL 14 ((Almabench camlAlmabench) planetpv_hello 2022))) ((Almabench camlAlmabench) planetpv 950) true)
=> (((At_call_site ((Almabench camlAlmabench) planetpv_hello 2022) 13 ((Almabench camlAlmabench) planetpv 950)) (Enter_decl TOP_LEVEL ((Almabench camlAlmabench) planetpv_hello 2022))) ((Almabench camlAlmabench) planetpv 950) true)

OVERRIDE Applied = planetpv/950 call stack = ((At_call_site ((Almabench camlAlmabench) planetpv_hello 2022) 13 ((Almabench camlAlmabench) planetpv 950)) (Enter_decl TOP_LEVEL ((Almabench camlAlmabench) planetpv_hello 2022))) with true
Shell: cp almabench.native /tmp/fyp_a9f7e5_almabench
Shell: chmod 755 /tmp/fyp_a9f7e5_almabench
Done with /tmp/fyp_720043_almabench. Saving results ...
Running /tmp/fyp_aea6c6_almabench
24.226
23.76
24.491
23.961
23.766
24.384
24.66
23.798
24.319
24.009
23.787
24.475
24.813
24.2
24.134
23.497
24.244
24.262
23.359
24.025
24.721
23.972
24.66
25.204
24.044
24.629
24.886
23.772
Shell: make clean
Shell: scp /tmp/fyp_aea6c6_almabench 192.168.0.12:/home/fyquah/worker-rundir/0/binary.exe
echo '()' >overrides.sexp
rm -rf *.cm* *.native *.o *.data_collector.sexp
../../../ocaml/ocamlopt -dflambda -inline-max-depth 5 -inlining-report -inlining-overrides overrides.sexp -o almabench.native almabench.ml 2>flambda.out
Shell: ssh 192.168.0.12 /home/fyquah/worker-rundir/0/benchmark_binary.sh /home/fyquah/worker-rundir/0/binary.exe 10
Loaded override devisions: 
=> (((At_call_site ((Almabench camlAlmabench) planetpv_hello 2022) 13 ((Almabench camlAlmabench) planetpv 950)) (Enter_decl TOP_LEVEL ((Almabench camlAlmabench) planetpv_hello 2022))) ((Almabench camlAlmabench) planetpv 950) true)
=> (((At_call_site TOP_LEVEL 10 ((Printf camlPrintf) printf 145))) ((Printf camlPrintf) printf 145) false)

OVERRIDE Applied = Printf.printf/145 call stack = ((At_call_site TOP_LEVEL 10 ((Printf camlPrintf) printf 145))) with false
Shell: cp almabench.native /tmp/fyp_bc61bf_almabench
Shell: chmod 755 /tmp/fyp_bc61bf_almabench
Done with /tmp/fyp_d8041d_almabench. Saving results ...
24.132
Shell: make clean
Running /tmp/fyp_a9f7e5_almabench
Shell: scp /tmp/fyp_a9f7e5_almabench 192.168.0.11:/home/fyquah/worker-rundir/0/binary.exe
echo '()' >overrides.sexp
rm -rf *.cm* *.native *.o *.data_collector.sexp
../../../ocaml/ocamlopt -dflambda -inline-max-depth 5 -inlining-report -inlining-overrides overrides.sexp -o almabench.native almabench.ml 2>flambda.out
Shell: ssh 192.168.0.11 /home/fyquah/worker-rundir/0/benchmark_binary.sh /home/fyquah/worker-rundir/0/binary.exe 10
Loaded override devisions: 
=> (((At_call_site TOP_LEVEL 10 ((Printf camlPrintf) printf 145))) ((Printf camlPrintf) printf 145) false)
=> (((At_call_site ((Printf camlPrintf) printf 145) 0 ((CamlinternalFormat camlCamlinternalFormat) make_printf 4764)) (At_call_site TOP_LEVEL 10 ((Printf camlPrintf) printf 145))) ((CamlinternalFormat camlCamlinternalFormat) make_printf 4764) true)

OVERRIDE Applied = Printf.printf/145 call stack = ((At_call_site TOP_LEVEL 10 ((Printf camlPrintf) printf 145))) with false
Shell: cp almabench.native /tmp/fyp_35928d_almabench
Shell: chmod 755 /tmp/fyp_35928d_almabench
Done with /tmp/fyp_5fa4c4_almabench. Saving results ...
24.049
Shell: make clean
Running /tmp/fyp_bc61bf_almabench
Shell: scp /tmp/fyp_bc61bf_almabench 192.168.0.10:/home/fyquah/worker-rundir/0/binary.exe
echo '()' >overrides.sexp
rm -rf *.cm* *.native *.o *.data_collector.sexp
../../../ocaml/ocamlopt -dflambda -inline-max-depth 5 -inlining-report -inlining-overrides overrides.sexp -o almabench.native almabench.ml 2>flambda.out
Shell: ssh 192.168.0.10 /home/fyquah/worker-rundir/0/benchmark_binary.sh /home/fyquah/worker-rundir/0/binary.exe 10
Loaded override devisions: 
=> (((At_call_site ((Printf camlPrintf) printf 145) 0 ((CamlinternalFormat camlCamlinternalFormat) make_printf 4764)) (At_call_site TOP_LEVEL 10 ((Printf camlPrintf) printf 145))) ((CamlinternalFormat camlCamlinternalFormat) make_printf 4764) true)
=> (((At_call_site TOP_LEVEL 8 ((Almabench camlAlmabench) radecdist 1732))) ((Almabench camlAlmabench) radecdist 1732) true)

OVERRIDE Applied = radecdist/1732 call stack = ((At_call_site TOP_LEVEL 8 ((Almabench camlAlmabench) radecdist 1732))) with true
OVERRIDE Applied = CamlinternalFormat.make_printf/4764 call stack = ((At_call_site ((Printf camlPrintf) printf 145) 0 ((CamlinternalFormat camlCamlinternalFormat) make_printf 4764)) (At_call_site TOP_LEVEL 10 ((Printf camlPrintf) printf 145))) with true
Shell: cp almabench.native /tmp/fyp_e10aa3_almabench
Shell: chmod 755 /tmp/fyp_e10aa3_almabench
Done with /tmp/fyp_a9f7e5_almabench. Saving results ...
Running /tmp/fyp_35928d_almabench
24.719
24.288
24.261
24.348
24.319
24.284
24.013
26.929
24.46
24.076
24.23
24.134
23.932
24.277
24.759
24.587
24.192
24.587
23.956
24.172
24.04
24.234
24.271
26.235
24.062
24.806
24.041
23.78
Shell: make clean
Shell: scp /tmp/fyp_35928d_almabench 192.168.0.11:/home/fyquah/worker-rundir/0/binary.exe
echo '()' >overrides.sexp
rm -rf *.cm* *.native *.o *.data_collector.sexp
../../../ocaml/ocamlopt -dflambda -inline-max-depth 5 -inlining-report -inlining-overrides overrides.sexp -o almabench.native almabench.ml 2>flambda.out
Shell: ssh 192.168.0.11 /home/fyquah/worker-rundir/0/benchmark_binary.sh /home/fyquah/worker-rundir/0/binary.exe 10
Loaded override devisions: 
=> (((At_call_site TOP_LEVEL 8 ((Almabench camlAlmabench) radecdist 1732))) ((Almabench camlAlmabench) radecdist 1732) true)
=> (((At_call_site TOP_LEVEL 5 ((Almabench camlAlmabench) planetpv 950))) ((Almabench camlAlmabench) planetpv 950) true)

OVERRIDE Applied = planetpv/950 call stack = ((At_call_site TOP_LEVEL 5 ((Almabench camlAlmabench) planetpv 950))) with true
OVERRIDE Applied = radecdist/1732 call stack = ((At_call_site TOP_LEVEL 8 ((Almabench camlAlmabench) radecdist 1732))) with true
Shell: cp almabench.native /tmp/fyp_194551_almabench
Shell: chmod 755 /tmp/fyp_194551_almabench
Done with /tmp/fyp_aea6c6_almabench. Saving results ...
Running /tmp/fyp_e10aa3_almabench
24.443
Shell: make clean
Shell: scp /tmp/fyp_e10aa3_almabench 192.168.0.12:/home/fyquah/worker-rundir/0/binary.exe
echo '()' >overrides.sexp
rm -rf *.cm* *.native *.o *.data_collector.sexp
../../../ocaml/ocamlopt -dflambda -inline-max-depth 5 -inlining-report -inlining-overrides overrides.sexp -o almabench.native almabench.ml 2>flambda.out
Shell: ssh 192.168.0.12 /home/fyquah/worker-rundir/0/benchmark_binary.sh /home/fyquah/worker-rundir/0/binary.exe 10
Loaded override devisions: 
=> (((At_call_site TOP_LEVEL 5 ((Almabench camlAlmabench) planetpv 950))) ((Almabench camlAlmabench) planetpv 950) true)
=> (((At_call_site ((Almabench camlAlmabench) radecdist 1732) 4 ((Almabench camlAlmabench) super_function 1803)) (Enter_decl TOP_LEVEL ((Almabench camlAlmabench) radecdist 1732))) ((Almabench camlAlmabench) super_function 1803) true)

OVERRIDE Applied = super_function/1803 call stack = ((At_call_site ((Almabench camlAlmabench) radecdist 1732) 4 ((Almabench camlAlmabench) super_function 1803)) (Enter_decl TOP_LEVEL ((Almabench camlAlmabench) radecdist 1732))) with true
OVERRIDE Applied = planetpv/950 call stack = ((At_call_site TOP_LEVEL 5 ((Almabench camlAlmabench) planetpv 950))) with true
Shell: cp almabench.native /tmp/fyp_7e7f76_almabench
Shell: chmod 755 /tmp/fyp_7e7f76_almabench
Done with /tmp/fyp_bc61bf_almabench. Saving results ...
24.438
Shell: make clean
Running /tmp/fyp_194551_almabench
Shell: scp /tmp/fyp_194551_almabench 192.168.0.10:/home/fyquah/worker-rundir/0/binary.exe
echo '()' >overrides.sexp
rm -rf *.cm* *.native *.o *.data_collector.sexp
../../../ocaml/ocamlopt -dflambda -inline-max-depth 5 -inlining-report -inlining-overrides overrides.sexp -o almabench.native almabench.ml 2>flambda.out
Shell: ssh 192.168.0.10 /home/fyquah/worker-rundir/0/benchmark_binary.sh /home/fyquah/worker-rundir/0/binary.exe 10
Loaded override devisions: 
=> (((At_call_site ((Almabench camlAlmabench) radecdist 1732) 4 ((Almabench camlAlmabench) super_function 1803)) (Enter_decl TOP_LEVEL ((Almabench camlAlmabench) radecdist 1732))) ((Almabench camlAlmabench) super_function 1803) true)
=> (((At_call_site ((Almabench camlAlmabench) super_function 1803) 3 ((Almabench camlAlmabench) f 1809)) (Enter_decl ((Almabench camlAlmabench) radecdist 1732) ((Almabench camlAlmabench) super_function 1803)) (Enter_decl TOP_LEVEL ((Almabench camlAlmabench) radecdist 1732))) ((Almabench camlAlmabench) f 1809) false)

OVERRIDE Applied = f/1809 call stack = ((At_call_site ((Almabench camlAlmabench) super_function 1803) 3 ((Almabench camlAlmabench) f 1809)) (Enter_decl ((Almabench camlAlmabench) radecdist 1732) ((Almabench camlAlmabench) super_function 1803)) (Enter_decl TOP_LEVEL ((Almabench camlAlmabench) radecdist 1732))) with false
OVERRIDE Applied = super_function/1803 call stack = ((At_call_site ((Almabench camlAlmabench) radecdist 1732) 4 ((Almabench camlAlmabench) super_function 1803)) (Enter_decl TOP_LEVEL ((Almabench camlAlmabench) radecdist 1732))) with true
Shell: cp almabench.native /tmp/fyp_a0908f_almabench
Shell: chmod 755 /tmp/fyp_a0908f_almabench
Done with /tmp/fyp_e10aa3_almabench. Saving results ...
Running /tmp/fyp_7e7f76_almabench
24.43
23.96
24.521
24.357
24.033
24.548
24.435
23.878
24.118
24.254
23.948
24.253
24.253
24.015
25.152
24.402
23.955
24.126
23.966
24.959
24.284
24.054
24.116
24.833
24.288
24.04
24.104
23.936
Shell: make clean
Shell: scp /tmp/fyp_7e7f76_almabench 192.168.0.12:/home/fyquah/worker-rundir/0/binary.exe
echo '()' >overrides.sexp
rm -rf *.cm* *.native *.o *.data_collector.sexp
../../../ocaml/ocamlopt -dflambda -inline-max-depth 5 -inlining-report -inlining-overrides overrides.sexp -o almabench.native almabench.ml 2>flambda.out
Shell: ssh 192.168.0.12 /home/fyquah/worker-rundir/0/benchmark_binary.sh /home/fyquah/worker-rundir/0/binary.exe 10
Done with /tmp/fyp_35928d_almabench. Saving results ...
Running /tmp/fyp_a0908f_almabench
24.139
Shell: scp /tmp/fyp_a0908f_almabench 192.168.0.11:/home/fyquah/worker-rundir/0/binary.exe
Shell: ssh 192.168.0.11 /home/fyquah/worker-rundir/0/benchmark_binary.sh /home/fyquah/worker-rundir/0/binary.exe 10
Loaded override devisions: 
=> (((At_call_site ((Almabench camlAlmabench) super_function 1803) 3 ((Almabench camlAlmabench) f 1809)) (Enter_decl ((Almabench camlAlmabench) radecdist 1732) ((Almabench camlAlmabench) super_function 1803)) (Enter_decl TOP_LEVEL ((Almabench camlAlmabench) radecdist 1732))) ((Almabench camlAlmabench) f 1809) false)
=> (((At_call_site ((Almabench camlAlmabench) f 1809) 2 ((List camlList) length 167)) (Enter_decl ((Almabench camlAlmabench) super_function 1803) ((Almabench camlAlmabench) f 1809)) (Enter_decl ((Almabench camlAlmabench) radecdist 1732) ((Almabench camlAlmabench) super_function 1803)) (Enter_decl TOP_LEVEL ((Almabench camlAlmabench) radecdist 1732))) ((List camlList) length 167) false)

OVERRIDE Applied = List.length/167 call stack = ((At_call_site ((Almabench camlAlmabench) f 1809) 2 ((List camlList) length 167)) (Enter_decl ((Almabench camlAlmabench) super_function 1803) ((Almabench camlAlmabench) f 1809)) (Enter_decl ((Almabench camlAlmabench) radecdist 1732) ((Almabench camlAlmabench) super_function 1803)) (Enter_decl TOP_LEVEL ((Almabench camlAlmabench) radecdist 1732))) with false
OVERRIDE Applied = f/1809 call stack = ((At_call_site ((Almabench camlAlmabench) super_function 1803) 3 ((Almabench camlAlmabench) f 1809)) (Enter_decl ((Almabench camlAlmabench) radecdist 1732) ((Almabench camlAlmabench) super_function 1803)) (Enter_decl TOP_LEVEL ((Almabench camlAlmabench) radecdist 1732))) with false
Shell: cp almabench.native /tmp/fyp_876ec5_almabench
Shell: chmod 755 /tmp/fyp_876ec5_almabench
Shell: make clean
echo '()' >overrides.sexp
rm -rf *.cm* *.native *.o *.data_collector.sexp
../../../ocaml/ocamlopt -dflambda -inline-max-depth 5 -inlining-report -inlining-overrides overrides.sexp -o almabench.native almabench.ml 2>flambda.out
Loaded override devisions: 
=> (((At_call_site ((Almabench camlAlmabench) f 1809) 2 ((List camlList) length 167)) (Enter_decl ((Almabench camlAlmabench) super_function 1803) ((Almabench camlAlmabench) f 1809)) (Enter_decl ((Almabench camlAlmabench) radecdist 1732) ((Almabench camlAlmabench) super_function 1803)) (Enter_decl TOP_LEVEL ((Almabench camlAlmabench) radecdist 1732))) ((List camlList) length 167) false)
=> (((At_call_site ((Almabench camlAlmabench) planetpv 950) 1 ((Almabench camlAlmabench) anpm 930)) (Enter_decl TOP_LEVEL ((Almabench camlAlmabench) planetpv 950))) ((Almabench camlAlmabench) anpm 930) true)

OVERRIDE Applied = anpm/930 call stack = ((At_call_site ((Almabench camlAlmabench) planetpv 950) 1 ((Almabench camlAlmabench) anpm 930)) (Enter_decl TOP_LEVEL ((Almabench camlAlmabench) planetpv 950))) with true
OVERRIDE Applied = List.length/167 call stack = ((At_call_site ((Almabench camlAlmabench) f 1809) 2 ((List camlList) length 167)) (Enter_decl ((Almabench camlAlmabench) super_function 1803) ((Almabench camlAlmabench) f 1809)) (Enter_decl ((Almabench camlAlmabench) radecdist 1732) ((Almabench camlAlmabench) super_function 1803)) (Enter_decl TOP_LEVEL ((Almabench camlAlmabench) radecdist 1732))) with false
Shell: cp almabench.native /tmp/fyp_a04ce3_almabench
Shell: chmod 755 /tmp/fyp_a04ce3_almabench
Done with /tmp/fyp_194551_almabench. Saving results ...
24.205
Shell: scp /tmp/fyp_876ec5_almabench 192.168.0.10:/home/fyquah/worker-rundir/0/binary.exe
Running /tmp/fyp_876ec5_almabench
Shell: ssh 192.168.0.10 /home/fyquah/worker-rundir/0/benchmark_binary.sh /home/fyquah/worker-rundir/0/binary.exe 10
Done with /tmp/fyp_a0908f_almabench. Saving results ...
23.99
24.018
24.004
23.73
24.123
23.848
23.683
23.765
24.077
24.315
23.988
23.79
23.783
23.722
24.275
24.013
25.492
24.164
23.775
24.034
24.114
23.977
24.146
23.867
24.107
23.666
23.946
23.973
Shell: scp /tmp/fyp_a04ce3_almabench 192.168.0.11:/home/fyquah/worker-rundir/0/binary.exe
Running /tmp/fyp_a04ce3_almabench
Shell: ssh 192.168.0.11 /home/fyquah/worker-rundir/0/benchmark_binary.sh /home/fyquah/worker-rundir/0/binary.exe 10
Done with /tmp/fyp_7e7f76_almabench. Saving results ...
Done with /tmp/fyp_876ec5_almabench. Saving results ...
Done with /tmp/fyp_a04ce3_almabench. Saving results ...
Completed experiment!23.979
23.811
24.363
24.79
23.987
23.816
24.018
24.717
24.555
24.44
24.212
24.259
