((((At_call_site TOP_LEVEL 23 ((Gc camlGc) print_stat 22)))
  ((Gc camlGc) print_stat 22) false)
 (((At_call_site TOP_LEVEL 21 ((Pervasives camlPervasives) open_out 605)))
  ((Pervasives camlPervasives) open_out 605) true)
 (((At_call_site ((Pervasives camlPervasives) open_out 605) 0
    ((Pervasives camlPervasives) open_out_gen 592))
   (At_call_site TOP_LEVEL 21 ((Pervasives camlPervasives) open_out 605)))
  ((Pervasives camlPervasives) open_out_gen 592) false)
 (((At_call_site TOP_LEVEL 18 ((Printf camlPrintf) printf 145)))
  ((Printf camlPrintf) printf 145) true)
 (((At_call_site ((Printf camlPrintf) printf 145) 0
    ((CamlinternalFormat camlCamlinternalFormat) make_printf 4764))
   (At_call_site TOP_LEVEL 18 ((Printf camlPrintf) printf 145)))
  ((CamlinternalFormat camlCamlinternalFormat) make_printf 4764) false)
 (((At_call_site TOP_LEVEL 16 ((Almabench camlAlmabench) radecdist 1732)))
  ((Almabench camlAlmabench) radecdist 1732) false)
 (((At_call_site TOP_LEVEL 14
    ((Almabench camlAlmabench) planetpv_hello 2022)))
  ((Almabench camlAlmabench) planetpv_hello 2022) true)
 (((At_call_site ((Almabench camlAlmabench) planetpv_hello 2022) 0
    ((Almabench camlAlmabench) planetpv 950))
   (At_call_site TOP_LEVEL 14
    ((Almabench camlAlmabench) planetpv_hello 2022)))
  ((Almabench camlAlmabench) planetpv 950) false)
 (((At_call_site ((Almabench camlAlmabench) planetpv_hello 2022) 13
    ((Almabench camlAlmabench) planetpv 950))
   (Enter_decl TOP_LEVEL ((Almabench camlAlmabench) planetpv_hello 2022)))
  ((Almabench camlAlmabench) planetpv 950) false)
 (((At_call_site TOP_LEVEL 10 ((Printf camlPrintf) printf 145)))
  ((Printf camlPrintf) printf 145) true)
 (((At_call_site ((Printf camlPrintf) printf 145) 0
    ((CamlinternalFormat camlCamlinternalFormat) make_printf 4764))
   (At_call_site TOP_LEVEL 10 ((Printf camlPrintf) printf 145)))
  ((CamlinternalFormat camlCamlinternalFormat) make_printf 4764) false)
 (((At_call_site TOP_LEVEL 8 ((Almabench camlAlmabench) radecdist 1732)))
  ((Almabench camlAlmabench) radecdist 1732) false)
 (((At_call_site TOP_LEVEL 5 ((Almabench camlAlmabench) planetpv 950)))
  ((Almabench camlAlmabench) planetpv 950) false)
 (((At_call_site ((Almabench camlAlmabench) radecdist 1732) 4
    ((Almabench camlAlmabench) super_function 1803))
   (Enter_decl TOP_LEVEL ((Almabench camlAlmabench) radecdist 1732)))
  ((Almabench camlAlmabench) super_function 1803) false)
 (((At_call_site ((Almabench camlAlmabench) super_function 1803) 3
    ((Almabench camlAlmabench) f 1809))
   (Enter_decl ((Almabench camlAlmabench) radecdist 1732)
    ((Almabench camlAlmabench) super_function 1803))
   (Enter_decl TOP_LEVEL ((Almabench camlAlmabench) radecdist 1732)))
  ((Almabench camlAlmabench) f 1809) true)
 (((At_call_site ((Almabench camlAlmabench) f 1809) 2
    ((List camlList) length 167))
   (Enter_decl ((Almabench camlAlmabench) super_function 1803)
    ((Almabench camlAlmabench) f 1809))
   (Enter_decl ((Almabench camlAlmabench) radecdist 1732)
    ((Almabench camlAlmabench) super_function 1803))
   (Enter_decl TOP_LEVEL ((Almabench camlAlmabench) radecdist 1732)))
  ((List camlList) length 167) true)
 (((At_call_site ((Almabench camlAlmabench) planetpv 950) 1
    ((Almabench camlAlmabench) anpm 930))
   (Enter_decl TOP_LEVEL ((Almabench camlAlmabench) planetpv 950)))
  ((Almabench camlAlmabench) anpm 930) false)
 (((At_call_site ((Almabench camlAlmabench) planetpv 950) 0
    ((Almabench camlAlmabench) anpm 930))
   (Enter_decl TOP_LEVEL ((Almabench camlAlmabench) planetpv 950)))
  ((Almabench camlAlmabench) anpm 930) false))((((At_call_site TOP_LEVEL 23 ((Gc camlGc) print_stat 22)))
  ((Gc camlGc) print_stat 22) false)
 (((At_call_site TOP_LEVEL 21 ((Pervasives camlPervasives) open_out 605)))
  ((Pervasives camlPervasives) open_out 605) true)
 (((At_call_site ((Pervasives camlPervasives) open_out 605) 0
    ((Pervasives camlPervasives) open_out_gen 592))
   (At_call_site TOP_LEVEL 21 ((Pervasives camlPervasives) open_out 605)))
  ((Pervasives camlPervasives) open_out_gen 592) false)
 (((At_call_site TOP_LEVEL 18 ((Printf camlPrintf) printf 145)))
  ((Printf camlPrintf) printf 145) true)
 (((At_call_site ((Printf camlPrintf) printf 145) 0
    ((CamlinternalFormat camlCamlinternalFormat) make_printf 4764))
   (At_call_site TOP_LEVEL 18 ((Printf camlPrintf) printf 145)))
  ((CamlinternalFormat camlCamlinternalFormat) make_printf 4764) false)
 (((At_call_site TOP_LEVEL 16 ((Almabench camlAlmabench) radecdist 1732)))
  ((Almabench camlAlmabench) radecdist 1732) false)
 (((At_call_site TOP_LEVEL 14
    ((Almabench camlAlmabench) planetpv_hello 2022)))
  ((Almabench camlAlmabench) planetpv_hello 2022) true)
 (((At_call_site ((Almabench camlAlmabench) planetpv_hello 2022) 0
    ((Almabench camlAlmabench) planetpv 950))
   (At_call_site TOP_LEVEL 14
    ((Almabench camlAlmabench) planetpv_hello 2022)))
  ((Almabench camlAlmabench) planetpv 950) false)
 (((At_call_site ((Almabench camlAlmabench) planetpv_hello 2022) 13
    ((Almabench camlAlmabench) planetpv 950))
   (Enter_decl TOP_LEVEL ((Almabench camlAlmabench) planetpv_hello 2022)))
  ((Almabench camlAlmabench) planetpv 950) false)
 (((At_call_site TOP_LEVEL 10 ((Printf camlPrintf) printf 145)))
  ((Printf camlPrintf) printf 145) true)
 (((At_call_site ((Printf camlPrintf) printf 145) 0
    ((CamlinternalFormat camlCamlinternalFormat) make_printf 4764))
   (At_call_site TOP_LEVEL 10 ((Printf camlPrintf) printf 145)))
  ((CamlinternalFormat camlCamlinternalFormat) make_printf 4764) false)
 (((At_call_site TOP_LEVEL 8 ((Almabench camlAlmabench) radecdist 1732)))
  ((Almabench camlAlmabench) radecdist 1732) false)
 (((At_call_site TOP_LEVEL 5 ((Almabench camlAlmabench) planetpv 950)))
  ((Almabench camlAlmabench) planetpv 950) false)
 (((At_call_site ((Almabench camlAlmabench) radecdist 1732) 4
    ((Almabench camlAlmabench) super_function 1803))
   (Enter_decl TOP_LEVEL ((Almabench camlAlmabench) radecdist 1732)))
  ((Almabench camlAlmabench) super_function 1803) false)
 (((At_call_site ((Almabench camlAlmabench) super_function 1803) 3
    ((Almabench camlAlmabench) f 1809))
   (Enter_decl ((Almabench camlAlmabench) radecdist 1732)
    ((Almabench camlAlmabench) super_function 1803))
   (Enter_decl TOP_LEVEL ((Almabench camlAlmabench) radecdist 1732)))
  ((Almabench camlAlmabench) f 1809) true)
 (((At_call_site ((Almabench camlAlmabench) f 1809) 2
    ((List camlList) length 167))
   (Enter_decl ((Almabench camlAlmabench) super_function 1803)
    ((Almabench camlAlmabench) f 1809))
   (Enter_decl ((Almabench camlAlmabench) radecdist 1732)
    ((Almabench camlAlmabench) super_function 1803))
   (Enter_decl TOP_LEVEL ((Almabench camlAlmabench) radecdist 1732)))
  ((List camlList) length 167) true)
 (((At_call_site ((Almabench camlAlmabench) planetpv 950) 1
    ((Almabench camlAlmabench) anpm 930))
   (Enter_decl TOP_LEVEL ((Almabench camlAlmabench) planetpv 950)))
  ((Almabench camlAlmabench) anpm 930) false)
 (((At_call_site ((Almabench camlAlmabench) planetpv 950) 0
    ((Almabench camlAlmabench) anpm 930))
   (Enter_decl TOP_LEVEL ((Almabench camlAlmabench) planetpv 950)))
  ((Almabench camlAlmabench) anpm 930) false))echo '()' >overrides.sexp
rm -rf *.cm* *.native *.o *.data_collector.sexp
Shell: make clean
echo '()' >overrides.sexp
rm -rf *.cm* *.native *.o *.data_collector.sexp
../../../ocaml/ocamlopt -dflambda -inline-max-depth 5 -inlining-report -inlining-overrides overrides.sexp -o almabench.native almabench.ml 2>flambda.out
Loaded override devisions: 
=> (((At_call_site TOP_LEVEL 23 ((Gc camlGc) print_stat 22))) ((Gc camlGc) print_stat 22) true)
=> (((At_call_site TOP_LEVEL 21 ((Pervasives camlPervasives) open_out 605))) ((Pervasives camlPervasives) open_out 605) false)

OVERRIDE Applied = Pervasives.open_out/605 call stack = ((At_call_site TOP_LEVEL 21 ((Pervasives camlPervasives) open_out 605))) with false
Shell: cp almabench.native /tmp/fyp_b1a814_almabench
Shell: chmod 755 /tmp/fyp_b1a814_almabench
Running /tmp/fyp_b1a814_almabench
Shell: make clean
Shell: scp /tmp/fyp_b1a814_almabench 192.168.0.11:/home/fyquah/worker-rundir/0/binary.exe
echo '()' >overrides.sexp
rm -rf *.cm* *.native *.o *.data_collector.sexp
../../../ocaml/ocamlopt -dflambda -inline-max-depth 5 -inlining-report -inlining-overrides overrides.sexp -o almabench.native almabench.ml 2>flambda.out
Shell: ssh 192.168.0.11 /home/fyquah/worker-rundir/0/benchmark_binary.sh /home/fyquah/worker-rundir/0/binary.exe 10
Loaded override devisions: 
=> (((At_call_site TOP_LEVEL 21 ((Pervasives camlPervasives) open_out 605))) ((Pervasives camlPervasives) open_out 605) false)
=> (((At_call_site ((Pervasives camlPervasives) open_out 605) 0 ((Pervasives camlPervasives) open_out_gen 592)) (At_call_site TOP_LEVEL 21 ((Pervasives camlPervasives) open_out 605))) ((Pervasives camlPervasives) open_out_gen 592) true)

OVERRIDE Applied = Pervasives.open_out/605 call stack = ((At_call_site TOP_LEVEL 21 ((Pervasives camlPervasives) open_out 605))) with false
Shell: cp almabench.native /tmp/fyp_2afc3d_almabench
Shell: chmod 755 /tmp/fyp_2afc3d_almabench
Shell: make clean
Running /tmp/fyp_2afc3d_almabench
Shell: scp /tmp/fyp_2afc3d_almabench 192.168.0.12:/home/fyquah/worker-rundir/0/binary.exe
echo '()' >overrides.sexp
rm -rf *.cm* *.native *.o *.data_collector.sexp
../../../ocaml/ocamlopt -dflambda -inline-max-depth 5 -inlining-report -inlining-overrides overrides.sexp -o almabench.native almabench.ml 2>flambda.out
Shell: ssh 192.168.0.12 /home/fyquah/worker-rundir/0/benchmark_binary.sh /home/fyquah/worker-rundir/0/binary.exe 10
Loaded override devisions: 
=> (((At_call_site ((Pervasives camlPervasives) open_out 605) 0 ((Pervasives camlPervasives) open_out_gen 592)) (At_call_site TOP_LEVEL 21 ((Pervasives camlPervasives) open_out 605))) ((Pervasives camlPervasives) open_out_gen 592) true)
=> (((At_call_site TOP_LEVEL 18 ((Printf camlPrintf) printf 145))) ((Printf camlPrintf) printf 145) false)

OVERRIDE Applied = Printf.printf/145 call stack = ((At_call_site TOP_LEVEL 18 ((Printf camlPrintf) printf 145))) with false
Shell: cp almabench.native /tmp/fyp_1ba754_almabench
Shell: chmod 755 /tmp/fyp_1ba754_almabench
Shell: make clean
Running /tmp/fyp_1ba754_almabench
Shell: scp /tmp/fyp_1ba754_almabench 192.168.0.10:/home/fyquah/worker-rundir/0/binary.exe
echo '()' >overrides.sexp
rm -rf *.cm* *.native *.o *.data_collector.sexp
../../../ocaml/ocamlopt -dflambda -inline-max-depth 5 -inlining-report -inlining-overrides overrides.sexp -o almabench.native almabench.ml 2>flambda.out
Shell: ssh 192.168.0.10 /home/fyquah/worker-rundir/0/benchmark_binary.sh /home/fyquah/worker-rundir/0/binary.exe 10
Loaded override devisions: 
=> (((At_call_site TOP_LEVEL 18 ((Printf camlPrintf) printf 145))) ((Printf camlPrintf) printf 145) false)
=> (((At_call_site ((Printf camlPrintf) printf 145) 0 ((CamlinternalFormat camlCamlinternalFormat) make_printf 4764)) (At_call_site TOP_LEVEL 18 ((Printf camlPrintf) printf 145))) ((CamlinternalFormat camlCamlinternalFormat) make_printf 4764) true)

OVERRIDE Applied = Printf.printf/145 call stack = ((At_call_site TOP_LEVEL 18 ((Printf camlPrintf) printf 145))) with false
Shell: cp almabench.native /tmp/fyp_556821_almabench
Shell: chmod 755 /tmp/fyp_556821_almabench
Shell: make clean
echo '()' >overrides.sexp
rm -rf *.cm* *.native *.o *.data_collector.sexp
../../../ocaml/ocamlopt -dflambda -inline-max-depth 5 -inlining-report -inlining-overrides overrides.sexp -o almabench.native almabench.ml 2>flambda.out
Loaded override devisions: 
=> (((At_call_site ((Printf camlPrintf) printf 145) 0 ((CamlinternalFormat camlCamlinternalFormat) make_printf 4764)) (At_call_site TOP_LEVEL 18 ((Printf camlPrintf) printf 145))) ((CamlinternalFormat camlCamlinternalFormat) make_printf 4764) true)
=> (((At_call_site TOP_LEVEL 16 ((Almabench camlAlmabench) radecdist 1732))) ((Almabench camlAlmabench) radecdist 1732) true)

OVERRIDE Applied = radecdist/1732 call stack = ((At_call_site TOP_LEVEL 16 ((Almabench camlAlmabench) radecdist 1732))) with true
OVERRIDE Applied = CamlinternalFormat.make_printf/4764 call stack = ((At_call_site ((Printf camlPrintf) printf 145) 0 ((CamlinternalFormat camlCamlinternalFormat) make_printf 4764)) (At_call_site TOP_LEVEL 18 ((Printf camlPrintf) printf 145))) with true
Shell: cp almabench.native /tmp/fyp_a73cbf_almabench
Shell: chmod 755 /tmp/fyp_a73cbf_almabench
Done with /tmp/fyp_b1a814_almabench. Saving results ...
24.192
24.577
24.507
23.889
24.638
24.573
24.729
24.637
24.093
24.051
24.392
24.669
24.446
23.998
24.257
24.104
24.17
24.957
24.199
24.613
24.15
24.326
24.334
24.017
24.042
24.352
24.125
24.115
Shell: make clean
Running /tmp/fyp_556821_almabench
Shell: scp /tmp/fyp_556821_almabench 192.168.0.11:/home/fyquah/worker-rundir/0/binary.exe
echo '()' >overrides.sexp
rm -rf *.cm* *.native *.o *.data_collector.sexp
../../../ocaml/ocamlopt -dflambda -inline-max-depth 5 -inlining-report -inlining-overrides overrides.sexp -o almabench.native almabench.ml 2>flambda.out
Shell: ssh 192.168.0.11 /home/fyquah/worker-rundir/0/benchmark_binary.sh /home/fyquah/worker-rundir/0/binary.exe 10
Loaded override devisions: 
=> (((At_call_site TOP_LEVEL 16 ((Almabench camlAlmabench) radecdist 1732))) ((Almabench camlAlmabench) radecdist 1732) true)
=> (((At_call_site TOP_LEVEL 14 ((Almabench camlAlmabench) planetpv_hello 2022))) ((Almabench camlAlmabench) planetpv_hello 2022) false)

OVERRIDE Applied = planetpv_hello/2022 call stack = ((At_call_site TOP_LEVEL 14 ((Almabench camlAlmabench) planetpv_hello 2022))) with false
Shell: cp almabench.native /tmp/fyp_2e0f32_almabench
Shell: chmod 755 /tmp/fyp_2e0f32_almabench
Done with /tmp/fyp_2afc3d_almabench. Saving results ...
24.385
Shell: make clean
Running /tmp/fyp_a73cbf_almabench
Shell: scp /tmp/fyp_a73cbf_almabench 192.168.0.12:/home/fyquah/worker-rundir/0/binary.exe
echo '()' >overrides.sexp
rm -rf *.cm* *.native *.o *.data_collector.sexp
../../../ocaml/ocamlopt -dflambda -inline-max-depth 5 -inlining-report -inlining-overrides overrides.sexp -o almabench.native almabench.ml 2>flambda.out
Shell: ssh 192.168.0.12 /home/fyquah/worker-rundir/0/benchmark_binary.sh /home/fyquah/worker-rundir/0/binary.exe 10
Done with /tmp/fyp_1ba754_almabench. Saving results ...
Running /tmp/fyp_2e0f32_almabench
23.962
Shell: scp /tmp/fyp_2e0f32_almabench 192.168.0.10:/home/fyquah/worker-rundir/0/binary.exe
Shell: ssh 192.168.0.10 /home/fyquah/worker-rundir/0/benchmark_binary.sh /home/fyquah/worker-rundir/0/binary.exe 10
Loaded override devisions: 
=> (((At_call_site TOP_LEVEL 14 ((Almabench camlAlmabench) planetpv_hello 2022))) ((Almabench camlAlmabench) planetpv_hello 2022) false)
=> (((At_call_site ((Almabench camlAlmabench) planetpv_hello 2022) 0 ((Almabench camlAlmabench) planetpv 950)) (At_call_site TOP_LEVEL 14 ((Almabench camlAlmabench) planetpv_hello 2022))) ((Almabench camlAlmabench) planetpv 950) true)

OVERRIDE Applied = planetpv_hello/2022 call stack = ((At_call_site TOP_LEVEL 14 ((Almabench camlAlmabench) planetpv_hello 2022))) with false
Shell: cp almabench.native /tmp/fyp_6407b5_almabench
Shell: chmod 755 /tmp/fyp_6407b5_almabench
Shell: make clean
echo '()' >overrides.sexp
rm -rf *.cm* *.native *.o *.data_collector.sexp
../../../ocaml/ocamlopt -dflambda -inline-max-depth 5 -inlining-report -inlining-overrides overrides.sexp -o almabench.native almabench.ml 2>flambda.out
Loaded override devisions: 
=> (((At_call_site ((Almabench camlAlmabench) planetpv_hello 2022) 0 ((Almabench camlAlmabench) planetpv 950)) (At_call_site TOP_LEVEL 14 ((Almabench camlAlmabench) planetpv_hello 2022))) ((Almabench camlAlmabench) planetpv 950) true)
=> (((At_call_site ((Almabench camlAlmabench) planetpv_hello 2022) 13 ((Almabench camlAlmabench) planetpv 950)) (Enter_decl TOP_LEVEL ((Almabench camlAlmabench) planetpv_hello 2022))) ((Almabench camlAlmabench) planetpv 950) true)

OVERRIDE Applied = planetpv/950 call stack = ((At_call_site ((Almabench camlAlmabench) planetpv_hello 2022) 13 ((Almabench camlAlmabench) planetpv 950)) (Enter_decl TOP_LEVEL ((Almabench camlAlmabench) planetpv_hello 2022))) with true
Shell: cp almabench.native /tmp/fyp_b6c3f6_almabench
Shell: chmod 755 /tmp/fyp_b6c3f6_almabench
Done with /tmp/fyp_a73cbf_almabench. Saving results ...
Running /tmp/fyp_6407b5_almabench
24.432
23.683
24.13
24.559
24.026
24.891
24.961
25.001
23.992
24.032
23.524
24.888
24.305
24.02
24.298
24.385
24.069
24.311
24.657
24.04
24.115
23.996
24.292
24.02
24.141
24.356
24.037
23.437
Shell: make clean
Shell: scp /tmp/fyp_6407b5_almabench 192.168.0.12:/home/fyquah/worker-rundir/0/binary.exe
echo '()' >overrides.sexp
rm -rf *.cm* *.native *.o *.data_collector.sexp
../../../ocaml/ocamlopt -dflambda -inline-max-depth 5 -inlining-report -inlining-overrides overrides.sexp -o almabench.native almabench.ml 2>flambda.out
Shell: ssh 192.168.0.12 /home/fyquah/worker-rundir/0/benchmark_binary.sh /home/fyquah/worker-rundir/0/binary.exe 10
Loaded override devisions: 
=> (((At_call_site ((Almabench camlAlmabench) planetpv_hello 2022) 13 ((Almabench camlAlmabench) planetpv 950)) (Enter_decl TOP_LEVEL ((Almabench camlAlmabench) planetpv_hello 2022))) ((Almabench camlAlmabench) planetpv 950) true)
=> (((At_call_site TOP_LEVEL 10 ((Printf camlPrintf) printf 145))) ((Printf camlPrintf) printf 145) false)

OVERRIDE Applied = Printf.printf/145 call stack = ((At_call_site TOP_LEVEL 10 ((Printf camlPrintf) printf 145))) with false
Shell: cp almabench.native /tmp/fyp_f22188_almabench
Shell: chmod 755 /tmp/fyp_f22188_almabench
Done with /tmp/fyp_556821_almabench. Saving results ...
24.843
Shell: make clean
Running /tmp/fyp_b6c3f6_almabench
Shell: scp /tmp/fyp_b6c3f6_almabench 192.168.0.11:/home/fyquah/worker-rundir/0/binary.exe
echo '()' >overrides.sexp
rm -rf *.cm* *.native *.o *.data_collector.sexp
../../../ocaml/ocamlopt -dflambda -inline-max-depth 5 -inlining-report -inlining-overrides overrides.sexp -o almabench.native almabench.ml 2>flambda.out
Shell: ssh 192.168.0.11 /home/fyquah/worker-rundir/0/benchmark_binary.sh /home/fyquah/worker-rundir/0/binary.exe 10
Loaded override devisions: 
=> (((At_call_site TOP_LEVEL 10 ((Printf camlPrintf) printf 145))) ((Printf camlPrintf) printf 145) false)
=> (((At_call_site ((Printf camlPrintf) printf 145) 0 ((CamlinternalFormat camlCamlinternalFormat) make_printf 4764)) (At_call_site TOP_LEVEL 10 ((Printf camlPrintf) printf 145))) ((CamlinternalFormat camlCamlinternalFormat) make_printf 4764) true)

OVERRIDE Applied = Printf.printf/145 call stack = ((At_call_site TOP_LEVEL 10 ((Printf camlPrintf) printf 145))) with false
Shell: cp almabench.native /tmp/fyp_615439_almabench
Shell: chmod 755 /tmp/fyp_615439_almabench
Done with /tmp/fyp_2e0f32_almabench. Saving results ...
Running /tmp/fyp_f22188_almabench
24.028
Shell: make clean
Shell: scp /tmp/fyp_f22188_almabench 192.168.0.10:/home/fyquah/worker-rundir/0/binary.exe
echo '()' >overrides.sexp
rm -rf *.cm* *.native *.o *.data_collector.sexp
../../../ocaml/ocamlopt -dflambda -inline-max-depth 5 -inlining-report -inlining-overrides overrides.sexp -o almabench.native almabench.ml 2>flambda.out
Shell: ssh 192.168.0.10 /home/fyquah/worker-rundir/0/benchmark_binary.sh /home/fyquah/worker-rundir/0/binary.exe 10
Loaded override devisions: 
=> (((At_call_site ((Printf camlPrintf) printf 145) 0 ((CamlinternalFormat camlCamlinternalFormat) make_printf 4764)) (At_call_site TOP_LEVEL 10 ((Printf camlPrintf) printf 145))) ((CamlinternalFormat camlCamlinternalFormat) make_printf 4764) true)
=> (((At_call_site TOP_LEVEL 8 ((Almabench camlAlmabench) radecdist 1732))) ((Almabench camlAlmabench) radecdist 1732) true)

OVERRIDE Applied = radecdist/1732 call stack = ((At_call_site TOP_LEVEL 8 ((Almabench camlAlmabench) radecdist 1732))) with true
OVERRIDE Applied = CamlinternalFormat.make_printf/4764 call stack = ((At_call_site ((Printf camlPrintf) printf 145) 0 ((CamlinternalFormat camlCamlinternalFormat) make_printf 4764)) (At_call_site TOP_LEVEL 10 ((Printf camlPrintf) printf 145))) with true
Shell: cp almabench.native /tmp/fyp_15de51_almabench
Shell: chmod 755 /tmp/fyp_15de51_almabench
Done with /tmp/fyp_b6c3f6_almabench. Saving results ...
24.485
24.198
24.064
24.329
24.186
24.725
24.048
24.078
24.677
25.233
23.965
24.171
23.838
23.951
24.642
24.458
24.564
24.322
24.628
24.296
24.406
24.169
24.204
24.572
24.11
24.153
24.17
23.903
Shell: make clean
Running /tmp/fyp_615439_almabench
Shell: scp /tmp/fyp_615439_almabench 192.168.0.11:/home/fyquah/worker-rundir/0/binary.exe
Done with /tmp/fyp_6407b5_almabench. Saving results ...
Running /tmp/fyp_15de51_almabench
echo '()' >overrides.sexp
rm -rf *.cm* *.native *.o *.data_collector.sexp
../../../ocaml/ocamlopt -dflambda -inline-max-depth 5 -inlining-report -inlining-overrides overrides.sexp -o almabench.native almabench.ml 2>flambda.out
24.072
Shell: scp /tmp/fyp_15de51_almabench 192.168.0.12:/home/fyquah/worker-rundir/0/binary.exe
Shell: ssh 192.168.0.11 /home/fyquah/worker-rundir/0/benchmark_binary.sh /home/fyquah/worker-rundir/0/binary.exe 10
Shell: ssh 192.168.0.12 /home/fyquah/worker-rundir/0/benchmark_binary.sh /home/fyquah/worker-rundir/0/binary.exe 10
Loaded override devisions: 
=> (((At_call_site TOP_LEVEL 8 ((Almabench camlAlmabench) radecdist 1732))) ((Almabench camlAlmabench) radecdist 1732) true)
=> (((At_call_site TOP_LEVEL 5 ((Almabench camlAlmabench) planetpv 950))) ((Almabench camlAlmabench) planetpv 950) true)

OVERRIDE Applied = planetpv/950 call stack = ((At_call_site TOP_LEVEL 5 ((Almabench camlAlmabench) planetpv 950))) with true
OVERRIDE Applied = radecdist/1732 call stack = ((At_call_site TOP_LEVEL 8 ((Almabench camlAlmabench) radecdist 1732))) with true
Shell: cp almabench.native /tmp/fyp_25725e_almabench
Shell: chmod 755 /tmp/fyp_25725e_almabench
Shell: make clean
echo '()' >overrides.sexp
rm -rf *.cm* *.native *.o *.data_collector.sexp
../../../ocaml/ocamlopt -dflambda -inline-max-depth 5 -inlining-report -inlining-overrides overrides.sexp -o almabench.native almabench.ml 2>flambda.out
Loaded override devisions: 
=> (((At_call_site TOP_LEVEL 5 ((Almabench camlAlmabench) planetpv 950))) ((Almabench camlAlmabench) planetpv 950) true)
=> (((At_call_site ((Almabench camlAlmabench) radecdist 1732) 4 ((Almabench camlAlmabench) super_function 1803)) (Enter_decl TOP_LEVEL ((Almabench camlAlmabench) radecdist 1732))) ((Almabench camlAlmabench) super_function 1803) true)

OVERRIDE Applied = super_function/1803 call stack = ((At_call_site ((Almabench camlAlmabench) radecdist 1732) 4 ((Almabench camlAlmabench) super_function 1803)) (Enter_decl TOP_LEVEL ((Almabench camlAlmabench) radecdist 1732))) with true
OVERRIDE Applied = planetpv/950 call stack = ((At_call_site TOP_LEVEL 5 ((Almabench camlAlmabench) planetpv 950))) with true
Shell: cp almabench.native /tmp/fyp_1f247f_almabench
Shell: chmod 755 /tmp/fyp_1f247f_almabench
Done with /tmp/fyp_f22188_almabench. Saving results ...
24.117
Shell: make clean
Running /tmp/fyp_25725e_almabench
Shell: scp /tmp/fyp_25725e_almabench 192.168.0.10:/home/fyquah/worker-rundir/0/binary.exe
echo '()' >overrides.sexp
rm -rf *.cm* *.native *.o *.data_collector.sexp
../../../ocaml/ocamlopt -dflambda -inline-max-depth 5 -inlining-report -inlining-overrides overrides.sexp -o almabench.native almabench.ml 2>flambda.out
Shell: ssh 192.168.0.10 /home/fyquah/worker-rundir/0/benchmark_binary.sh /home/fyquah/worker-rundir/0/binary.exe 10
Loaded override devisions: 
=> (((At_call_site ((Almabench camlAlmabench) radecdist 1732) 4 ((Almabench camlAlmabench) super_function 1803)) (Enter_decl TOP_LEVEL ((Almabench camlAlmabench) radecdist 1732))) ((Almabench camlAlmabench) super_function 1803) true)
=> (((At_call_site ((Almabench camlAlmabench) super_function 1803) 3 ((Almabench camlAlmabench) f 1809)) (Enter_decl ((Almabench camlAlmabench) radecdist 1732) ((Almabench camlAlmabench) super_function 1803)) (Enter_decl TOP_LEVEL ((Almabench camlAlmabench) radecdist 1732))) ((Almabench camlAlmabench) f 1809) false)

OVERRIDE Applied = f/1809 call stack = ((At_call_site ((Almabench camlAlmabench) super_function 1803) 3 ((Almabench camlAlmabench) f 1809)) (Enter_decl ((Almabench camlAlmabench) radecdist 1732) ((Almabench camlAlmabench) super_function 1803)) (Enter_decl TOP_LEVEL ((Almabench camlAlmabench) radecdist 1732))) with false
OVERRIDE Applied = super_function/1803 call stack = ((At_call_site ((Almabench camlAlmabench) radecdist 1732) 4 ((Almabench camlAlmabench) super_function 1803)) (Enter_decl TOP_LEVEL ((Almabench camlAlmabench) radecdist 1732))) with true
Shell: cp almabench.native /tmp/fyp_f9ad71_almabench
Shell: chmod 755 /tmp/fyp_f9ad71_almabench
Done with /tmp/fyp_15de51_almabench. Saving results ...
24.304
24.728
24.444
24.074
24.155
24.14
24.913
25.585
24.232
23.783
24.586
24.688
23.649
25.128
24.883
24.083
24.444
24.217
23.782
24.036
24.711
24.384
24.595
24.048
23.897
24.012
24.262
23.607
Shell: scp /tmp/fyp_1f247f_almabench 192.168.0.12:/home/fyquah/worker-rundir/0/binary.exe
Running /tmp/fyp_1f247f_almabench
Shell: make clean
echo '()' >overrides.sexp
rm -rf *.cm* *.native *.o *.data_collector.sexp
../../../ocaml/ocamlopt -dflambda -inline-max-depth 5 -inlining-report -inlining-overrides overrides.sexp -o almabench.native almabench.ml 2>flambda.out
Shell: ssh 192.168.0.12 /home/fyquah/worker-rundir/0/benchmark_binary.sh /home/fyquah/worker-rundir/0/binary.exe 10
Loaded override devisions: 
=> (((At_call_site ((Almabench camlAlmabench) super_function 1803) 3 ((Almabench camlAlmabench) f 1809)) (Enter_decl ((Almabench camlAlmabench) radecdist 1732) ((Almabench camlAlmabench) super_function 1803)) (Enter_decl TOP_LEVEL ((Almabench camlAlmabench) radecdist 1732))) ((Almabench camlAlmabench) f 1809) false)
=> (((At_call_site ((Almabench camlAlmabench) f 1809) 2 ((List camlList) length 167)) (Enter_decl ((Almabench camlAlmabench) super_function 1803) ((Almabench camlAlmabench) f 1809)) (Enter_decl ((Almabench camlAlmabench) radecdist 1732) ((Almabench camlAlmabench) super_function 1803)) (Enter_decl TOP_LEVEL ((Almabench camlAlmabench) radecdist 1732))) ((List camlList) length 167) false)

OVERRIDE Applied = List.length/167 call stack = ((At_call_site ((Almabench camlAlmabench) f 1809) 2 ((List camlList) length 167)) (Enter_decl ((Almabench camlAlmabench) super_function 1803) ((Almabench camlAlmabench) f 1809)) (Enter_decl ((Almabench camlAlmabench) radecdist 1732) ((Almabench camlAlmabench) super_function 1803)) (Enter_decl TOP_LEVEL ((Almabench camlAlmabench) radecdist 1732))) with false
OVERRIDE Applied = f/1809 call stack = ((At_call_site ((Almabench camlAlmabench) super_function 1803) 3 ((Almabench camlAlmabench) f 1809)) (Enter_decl ((Almabench camlAlmabench) radecdist 1732) ((Almabench camlAlmabench) super_function 1803)) (Enter_decl TOP_LEVEL ((Almabench camlAlmabench) radecdist 1732))) with false
Shell: cp almabench.native /tmp/fyp_cf6c3e_almabench
Shell: chmod 755 /tmp/fyp_cf6c3e_almabench
Done with /tmp/fyp_615439_almabench. Saving results ...
Running /tmp/fyp_f9ad71_almabench
24.163
Shell: make clean
Shell: scp /tmp/fyp_f9ad71_almabench 192.168.0.11:/home/fyquah/worker-rundir/0/binary.exe
echo '()' >overrides.sexp
rm -rf *.cm* *.native *.o *.data_collector.sexp
../../../ocaml/ocamlopt -dflambda -inline-max-depth 5 -inlining-report -inlining-overrides overrides.sexp -o almabench.native almabench.ml 2>flambda.out
Shell: ssh 192.168.0.11 /home/fyquah/worker-rundir/0/benchmark_binary.sh /home/fyquah/worker-rundir/0/binary.exe 10
Loaded override devisions: 
=> (((At_call_site ((Almabench camlAlmabench) f 1809) 2 ((List camlList) length 167)) (Enter_decl ((Almabench camlAlmabench) super_function 1803) ((Almabench camlAlmabench) f 1809)) (Enter_decl ((Almabench camlAlmabench) radecdist 1732) ((Almabench camlAlmabench) super_function 1803)) (Enter_decl TOP_LEVEL ((Almabench camlAlmabench) radecdist 1732))) ((List camlList) length 167) false)
=> (((At_call_site ((Almabench camlAlmabench) planetpv 950) 1 ((Almabench camlAlmabench) anpm 930)) (Enter_decl TOP_LEVEL ((Almabench camlAlmabench) planetpv 950))) ((Almabench camlAlmabench) anpm 930) true)

OVERRIDE Applied = anpm/930 call stack = ((At_call_site ((Almabench camlAlmabench) planetpv 950) 1 ((Almabench camlAlmabench) anpm 930)) (Enter_decl TOP_LEVEL ((Almabench camlAlmabench) planetpv 950))) with true
OVERRIDE Applied = List.length/167 call stack = ((At_call_site ((Almabench camlAlmabench) f 1809) 2 ((List camlList) length 167)) (Enter_decl ((Almabench camlAlmabench) super_function 1803) ((Almabench camlAlmabench) f 1809)) (Enter_decl ((Almabench camlAlmabench) radecdist 1732) ((Almabench camlAlmabench) super_function 1803)) (Enter_decl TOP_LEVEL ((Almabench camlAlmabench) radecdist 1732))) with false
Shell: cp almabench.native /tmp/fyp_60080d_almabench
Shell: chmod 755 /tmp/fyp_60080d_almabench
Done with /tmp/fyp_25725e_almabench. Saving results ...
Running /tmp/fyp_cf6c3e_almabench
24.387
Shell: scp /tmp/fyp_cf6c3e_almabench 192.168.0.10:/home/fyquah/worker-rundir/0/binary.exe
Shell: ssh 192.168.0.10 /home/fyquah/worker-rundir/0/benchmark_binary.sh /home/fyquah/worker-rundir/0/binary.exe 10
Done with /tmp/fyp_1f247f_almabench. Saving results ...
Running /tmp/fyp_60080d_almabench
23.595
24.389
24.394
24.493
24.036
24.215
24.466
24.382
23.66
23.778
23.998
23.921
24.135
24.039
24.751
23.804
23.827
23.861
23.633
24.424
24.28
23.897
23.878
23.826
23.542
24.074
24.066
23.791
Shell: scp /tmp/fyp_60080d_almabench 192.168.0.12:/home/fyquah/worker-rundir/0/binary.exe
Shell: ssh 192.168.0.12 /home/fyquah/worker-rundir/0/benchmark_binary.sh /home/fyquah/worker-rundir/0/binary.exe 10
Done with /tmp/fyp_f9ad71_almabench. Saving results ...
Done with /tmp/fyp_cf6c3e_almabench. Saving results ...
Done with /tmp/fyp_60080d_almabench. Saving results ...
Completed experiment!24.151
24.384
24.729
24.15
23.786
24.496
24.021
24.035
23.989
24.138
24.016
24.087
