echo '()' >overrides.sexp
rm -rf *.cm* *.native *.o *.data_collector.sexp
Shell: make clean
((((At_call_site TOP_LEVEL 23 ((Gc camlGc) print_stat 22)))
  ((Gc camlGc) print_stat 22) false)
 (((At_call_site TOP_LEVEL 21 ((Pervasives camlPervasives) open_out 605)))
  ((Pervasives camlPervasives) open_out 605) true)
 (((At_call_site ((Pervasives camlPervasives) open_out 605) 0
    ((Pervasives camlPervasives) open_out_gen 592))
   (At_call_site TOP_LEVEL 21 ((Pervasives camlPervasives) open_out 605)))
  ((Pervasives camlPervasives) open_out_gen 592) false)
 (((At_call_site TOP_LEVEL 18 ((Printf camlPrintf) printf 145)))
  ((Printf camlPrintf) printf 145) true)
 (((At_call_site ((Printf camlPrintf) printf 145) 0
    ((CamlinternalFormat camlCamlinternalFormat) make_printf 4764))
   (At_call_site TOP_LEVEL 18 ((Printf camlPrintf) printf 145)))
  ((CamlinternalFormat camlCamlinternalFormat) make_printf 4764) false)
 (((At_call_site TOP_LEVEL 16 ((Almabench camlAlmabench) radecdist 1732)))
  ((Almabench camlAlmabench) radecdist 1732) false)
 (((At_call_site TOP_LEVEL 14
    ((Almabench camlAlmabench) planetpv_hello 2022)))
  ((Almabench camlAlmabench) planetpv_hello 2022) true)
 (((At_call_site ((Almabench camlAlmabench) planetpv_hello 2022) 0
    ((Almabench camlAlmabench) planetpv 950))
   (At_call_site TOP_LEVEL 14
    ((Almabench camlAlmabench) planetpv_hello 2022)))
  ((Almabench camlAlmabench) planetpv 950) false)
 (((At_call_site ((Almabench camlAlmabench) planetpv_hello 2022) 13
    ((Almabench camlAlmabench) planetpv 950))
   (Enter_decl TOP_LEVEL ((Almabench camlAlmabench) planetpv_hello 2022)))
  ((Almabench camlAlmabench) planetpv 950) false)
 (((At_call_site TOP_LEVEL 10 ((Printf camlPrintf) printf 145)))
  ((Printf camlPrintf) printf 145) true)
 (((At_call_site ((Printf camlPrintf) printf 145) 0
    ((CamlinternalFormat camlCamlinternalFormat) make_printf 4764))
   (At_call_site TOP_LEVEL 10 ((Printf camlPrintf) printf 145)))
  ((CamlinternalFormat camlCamlinternalFormat) make_printf 4764) false)
 (((At_call_site TOP_LEVEL 8 ((Almabench camlAlmabench) radecdist 1732)))
  ((Almabench camlAlmabench) radecdist 1732) false)
 (((At_call_site TOP_LEVEL 5 ((Almabench camlAlmabench) planetpv 950)))
  ((Almabench camlAlmabench) planetpv 950) false)
 (((At_call_site ((Almabench camlAlmabench) radecdist 1732) 4
    ((Almabench camlAlmabench) super_function 1803))
   (Enter_decl TOP_LEVEL ((Almabench camlAlmabench) radecdist 1732)))
  ((Almabench camlAlmabench) super_function 1803) false)
 (((At_call_site ((Almabench camlAlmabench) super_function 1803) 3
    ((Almabench camlAlmabench) f 1809))
   (Enter_decl ((Almabench camlAlmabench) radecdist 1732)
    ((Almabench camlAlmabench) super_function 1803))
   (Enter_decl TOP_LEVEL ((Almabench camlAlmabench) radecdist 1732)))
  ((Almabench camlAlmabench) f 1809) true)
 (((At_call_site ((Almabench camlAlmabench) f 1809) 2
    ((List camlList) length 167))
   (Enter_decl ((Almabench camlAlmabench) super_function 1803)
    ((Almabench camlAlmabench) f 1809))
   (Enter_decl ((Almabench camlAlmabench) radecdist 1732)
    ((Almabench camlAlmabench) super_function 1803))
   (Enter_decl TOP_LEVEL ((Almabench camlAlmabench) radecdist 1732)))
  ((List camlList) length 167) true)
 (((At_call_site ((Almabench camlAlmabench) planetpv 950) 1
    ((Almabench camlAlmabench) anpm 930))
   (Enter_decl TOP_LEVEL ((Almabench camlAlmabench) planetpv 950)))
  ((Almabench camlAlmabench) anpm 930) false)
 (((At_call_site ((Almabench camlAlmabench) planetpv 950) 0
    ((Almabench camlAlmabench) anpm 930))
   (Enter_decl TOP_LEVEL ((Almabench camlAlmabench) planetpv 950)))
  ((Almabench camlAlmabench) anpm 930) false))((((At_call_site TOP_LEVEL 23 ((Gc camlGc) print_stat 22)))
  ((Gc camlGc) print_stat 22) false)
 (((At_call_site TOP_LEVEL 21 ((Pervasives camlPervasives) open_out 605)))
  ((Pervasives camlPervasives) open_out 605) true)
 (((At_call_site ((Pervasives camlPervasives) open_out 605) 0
    ((Pervasives camlPervasives) open_out_gen 592))
   (At_call_site TOP_LEVEL 21 ((Pervasives camlPervasives) open_out 605)))
  ((Pervasives camlPervasives) open_out_gen 592) false)
 (((At_call_site TOP_LEVEL 18 ((Printf camlPrintf) printf 145)))
  ((Printf camlPrintf) printf 145) true)
 (((At_call_site ((Printf camlPrintf) printf 145) 0
    ((CamlinternalFormat camlCamlinternalFormat) make_printf 4764))
   (At_call_site TOP_LEVEL 18 ((Printf camlPrintf) printf 145)))
  ((CamlinternalFormat camlCamlinternalFormat) make_printf 4764) false)
 (((At_call_site TOP_LEVEL 16 ((Almabench camlAlmabench) radecdist 1732)))
  ((Almabench camlAlmabench) radecdist 1732) false)
 (((At_call_site TOP_LEVEL 14
    ((Almabench camlAlmabench) planetpv_hello 2022)))
  ((Almabench camlAlmabench) planetpv_hello 2022) true)
 (((At_call_site ((Almabench camlAlmabench) planetpv_hello 2022) 0
    ((Almabench camlAlmabench) planetpv 950))
   (At_call_site TOP_LEVEL 14
    ((Almabench camlAlmabench) planetpv_hello 2022)))
  ((Almabench camlAlmabench) planetpv 950) false)
 (((At_call_site ((Almabench camlAlmabench) planetpv_hello 2022) 13
    ((Almabench camlAlmabench) planetpv 950))
   (Enter_decl TOP_LEVEL ((Almabench camlAlmabench) planetpv_hello 2022)))
  ((Almabench camlAlmabench) planetpv 950) false)
 (((At_call_site TOP_LEVEL 10 ((Printf camlPrintf) printf 145)))
  ((Printf camlPrintf) printf 145) true)
 (((At_call_site ((Printf camlPrintf) printf 145) 0
    ((CamlinternalFormat camlCamlinternalFormat) make_printf 4764))
   (At_call_site TOP_LEVEL 10 ((Printf camlPrintf) printf 145)))
  ((CamlinternalFormat camlCamlinternalFormat) make_printf 4764) false)
 (((At_call_site TOP_LEVEL 8 ((Almabench camlAlmabench) radecdist 1732)))
  ((Almabench camlAlmabench) radecdist 1732) false)
 (((At_call_site TOP_LEVEL 5 ((Almabench camlAlmabench) planetpv 950)))
  ((Almabench camlAlmabench) planetpv 950) false)
 (((At_call_site ((Almabench camlAlmabench) radecdist 1732) 4
    ((Almabench camlAlmabench) super_function 1803))
   (Enter_decl TOP_LEVEL ((Almabench camlAlmabench) radecdist 1732)))
  ((Almabench camlAlmabench) super_function 1803) false)
 (((At_call_site ((Almabench camlAlmabench) super_function 1803) 3
    ((Almabench camlAlmabench) f 1809))
   (Enter_decl ((Almabench camlAlmabench) radecdist 1732)
    ((Almabench camlAlmabench) super_function 1803))
   (Enter_decl TOP_LEVEL ((Almabench camlAlmabench) radecdist 1732)))
  ((Almabench camlAlmabench) f 1809) true)
 (((At_call_site ((Almabench camlAlmabench) f 1809) 2
    ((List camlList) length 167))
   (Enter_decl ((Almabench camlAlmabench) super_function 1803)
    ((Almabench camlAlmabench) f 1809))
   (Enter_decl ((Almabench camlAlmabench) radecdist 1732)
    ((Almabench camlAlmabench) super_function 1803))
   (Enter_decl TOP_LEVEL ((Almabench camlAlmabench) radecdist 1732)))
  ((List camlList) length 167) true)
 (((At_call_site ((Almabench camlAlmabench) planetpv 950) 1
    ((Almabench camlAlmabench) anpm 930))
   (Enter_decl TOP_LEVEL ((Almabench camlAlmabench) planetpv 950)))
  ((Almabench camlAlmabench) anpm 930) false)
 (((At_call_site ((Almabench camlAlmabench) planetpv 950) 0
    ((Almabench camlAlmabench) anpm 930))
   (Enter_decl TOP_LEVEL ((Almabench camlAlmabench) planetpv 950)))
  ((Almabench camlAlmabench) anpm 930) false))echo '()' >overrides.sexp
rm -rf *.cm* *.native *.o *.data_collector.sexp
../../../ocaml/ocamlopt -dflambda -inline-max-depth 5 -inlining-report -inlining-overrides overrides.sexp -o almabench.native almabench.ml 2>flambda.out
Loaded override devisions: 
=> (((At_call_site TOP_LEVEL 23 ((Gc camlGc) print_stat 22))) ((Gc camlGc) print_stat 22) true)
=> (((At_call_site TOP_LEVEL 21 ((Pervasives camlPervasives) open_out 605))) ((Pervasives camlPervasives) open_out 605) false)

OVERRIDE Applied = Pervasives.open_out/605 call stack = ((At_call_site TOP_LEVEL 21 ((Pervasives camlPervasives) open_out 605))) with false
Shell: cp almabench.native /tmp/fyp_81b6cb_almabench
Shell: chmod 755 /tmp/fyp_81b6cb_almabench
Shell: make clean
Running /tmp/fyp_81b6cb_almabench
Shell: scp /tmp/fyp_81b6cb_almabench 192.168.0.11:/home/fyquah/worker-rundir/0/binary.exe
echo '()' >overrides.sexp
rm -rf *.cm* *.native *.o *.data_collector.sexp
../../../ocaml/ocamlopt -dflambda -inline-max-depth 5 -inlining-report -inlining-overrides overrides.sexp -o almabench.native almabench.ml 2>flambda.out
Shell: ssh 192.168.0.11 /home/fyquah/worker-rundir/0/benchmark_binary.sh /home/fyquah/worker-rundir/0/binary.exe 10
Loaded override devisions: 
=> (((At_call_site TOP_LEVEL 21 ((Pervasives camlPervasives) open_out 605))) ((Pervasives camlPervasives) open_out 605) false)
=> (((At_call_site ((Pervasives camlPervasives) open_out 605) 0 ((Pervasives camlPervasives) open_out_gen 592)) (At_call_site TOP_LEVEL 21 ((Pervasives camlPervasives) open_out 605))) ((Pervasives camlPervasives) open_out_gen 592) true)

OVERRIDE Applied = Pervasives.open_out/605 call stack = ((At_call_site TOP_LEVEL 21 ((Pervasives camlPervasives) open_out 605))) with false
Shell: cp almabench.native /tmp/fyp_2b3069_almabench
Shell: chmod 755 /tmp/fyp_2b3069_almabench
Shell: make clean
Running /tmp/fyp_2b3069_almabench
Shell: scp /tmp/fyp_2b3069_almabench 192.168.0.12:/home/fyquah/worker-rundir/0/binary.exe
echo '()' >overrides.sexp
rm -rf *.cm* *.native *.o *.data_collector.sexp
../../../ocaml/ocamlopt -dflambda -inline-max-depth 5 -inlining-report -inlining-overrides overrides.sexp -o almabench.native almabench.ml 2>flambda.out
Shell: ssh 192.168.0.12 /home/fyquah/worker-rundir/0/benchmark_binary.sh /home/fyquah/worker-rundir/0/binary.exe 10
Loaded override devisions: 
=> (((At_call_site ((Pervasives camlPervasives) open_out 605) 0 ((Pervasives camlPervasives) open_out_gen 592)) (At_call_site TOP_LEVEL 21 ((Pervasives camlPervasives) open_out 605))) ((Pervasives camlPervasives) open_out_gen 592) true)
=> (((At_call_site TOP_LEVEL 18 ((Printf camlPrintf) printf 145))) ((Printf camlPrintf) printf 145) false)

OVERRIDE Applied = Printf.printf/145 call stack = ((At_call_site TOP_LEVEL 18 ((Printf camlPrintf) printf 145))) with false
Shell: cp almabench.native /tmp/fyp_4d52ab_almabench
Shell: chmod 755 /tmp/fyp_4d52ab_almabench
Running /tmp/fyp_4d52ab_almabench
Shell: make clean
Shell: scp /tmp/fyp_4d52ab_almabench 192.168.0.10:/home/fyquah/worker-rundir/0/binary.exe
echo '()' >overrides.sexp
rm -rf *.cm* *.native *.o *.data_collector.sexp
../../../ocaml/ocamlopt -dflambda -inline-max-depth 5 -inlining-report -inlining-overrides overrides.sexp -o almabench.native almabench.ml 2>flambda.out
Shell: ssh 192.168.0.10 /home/fyquah/worker-rundir/0/benchmark_binary.sh /home/fyquah/worker-rundir/0/binary.exe 10
Loaded override devisions: 
=> (((At_call_site TOP_LEVEL 18 ((Printf camlPrintf) printf 145))) ((Printf camlPrintf) printf 145) false)
=> (((At_call_site ((Printf camlPrintf) printf 145) 0 ((CamlinternalFormat camlCamlinternalFormat) make_printf 4764)) (At_call_site TOP_LEVEL 18 ((Printf camlPrintf) printf 145))) ((CamlinternalFormat camlCamlinternalFormat) make_printf 4764) true)

OVERRIDE Applied = Printf.printf/145 call stack = ((At_call_site TOP_LEVEL 18 ((Printf camlPrintf) printf 145))) with false
Shell: cp almabench.native /tmp/fyp_51e8f9_almabench
Shell: chmod 755 /tmp/fyp_51e8f9_almabench
Shell: make clean
echo '()' >overrides.sexp
rm -rf *.cm* *.native *.o *.data_collector.sexp
../../../ocaml/ocamlopt -dflambda -inline-max-depth 5 -inlining-report -inlining-overrides overrides.sexp -o almabench.native almabench.ml 2>flambda.out
Loaded override devisions: 
=> (((At_call_site ((Printf camlPrintf) printf 145) 0 ((CamlinternalFormat camlCamlinternalFormat) make_printf 4764)) (At_call_site TOP_LEVEL 18 ((Printf camlPrintf) printf 145))) ((CamlinternalFormat camlCamlinternalFormat) make_printf 4764) true)
=> (((At_call_site TOP_LEVEL 16 ((Almabench camlAlmabench) radecdist 1732))) ((Almabench camlAlmabench) radecdist 1732) true)

OVERRIDE Applied = radecdist/1732 call stack = ((At_call_site TOP_LEVEL 16 ((Almabench camlAlmabench) radecdist 1732))) with true
OVERRIDE Applied = CamlinternalFormat.make_printf/4764 call stack = ((At_call_site ((Printf camlPrintf) printf 145) 0 ((CamlinternalFormat camlCamlinternalFormat) make_printf 4764)) (At_call_site TOP_LEVEL 18 ((Printf camlPrintf) printf 145))) with true
Shell: cp almabench.native /tmp/fyp_fc8f40_almabench
Shell: chmod 755 /tmp/fyp_fc8f40_almabench
Done with /tmp/fyp_2b3069_almabench. Saving results ...
Running /tmp/fyp_51e8f9_almabench
24.295
24.054
24.366
24.644
24.616
24.452
24.325
24.175
23.996
23.839
24.719
24.292
24.223
24.606
24.882
23.933
25.25
24.632
25.005
24.257
24.213
24.482
24.124
23.948
24.38
24.461
25.255
24.218
Shell: scp /tmp/fyp_51e8f9_almabench 192.168.0.12:/home/fyquah/worker-rundir/0/binary.exe
Shell: make clean
Done with /tmp/fyp_81b6cb_almabench. Saving results ...
Running /tmp/fyp_fc8f40_almabench
echo '()' >overrides.sexp
rm -rf *.cm* *.native *.o *.data_collector.sexp
../../../ocaml/ocamlopt -dflambda -inline-max-depth 5 -inlining-report -inlining-overrides overrides.sexp -o almabench.native almabench.ml 2>flambda.out
24.238
Shell: scp /tmp/fyp_fc8f40_almabench 192.168.0.11:/home/fyquah/worker-rundir/0/binary.exe
Shell: ssh 192.168.0.12 /home/fyquah/worker-rundir/0/benchmark_binary.sh /home/fyquah/worker-rundir/0/binary.exe 10
Shell: ssh 192.168.0.11 /home/fyquah/worker-rundir/0/benchmark_binary.sh /home/fyquah/worker-rundir/0/binary.exe 10
Loaded override devisions: 
=> (((At_call_site TOP_LEVEL 16 ((Almabench camlAlmabench) radecdist 1732))) ((Almabench camlAlmabench) radecdist 1732) true)
=> (((At_call_site TOP_LEVEL 14 ((Almabench camlAlmabench) planetpv_hello 2022))) ((Almabench camlAlmabench) planetpv_hello 2022) false)

OVERRIDE Applied = planetpv_hello/2022 call stack = ((At_call_site TOP_LEVEL 14 ((Almabench camlAlmabench) planetpv_hello 2022))) with false
Shell: cp almabench.native /tmp/fyp_f75777_almabench
Shell: chmod 755 /tmp/fyp_f75777_almabench
Shell: make clean
Done with /tmp/fyp_4d52ab_almabench. Saving results ...
Running /tmp/fyp_f75777_almabench
echo '()' >overrides.sexp
rm -rf *.cm* *.native *.o *.data_collector.sexp
../../../ocaml/ocamlopt -dflambda -inline-max-depth 5 -inlining-report -inlining-overrides overrides.sexp -o almabench.native almabench.ml 2>flambda.out
24.358
Shell: scp /tmp/fyp_f75777_almabench 192.168.0.10:/home/fyquah/worker-rundir/0/binary.exe
Loaded override devisions: 
=> (((At_call_site TOP_LEVEL 14 ((Almabench camlAlmabench) planetpv_hello 2022))) ((Almabench camlAlmabench) planetpv_hello 2022) false)
=> (((At_call_site ((Almabench camlAlmabench) planetpv_hello 2022) 0 ((Almabench camlAlmabench) planetpv 950)) (At_call_site TOP_LEVEL 14 ((Almabench camlAlmabench) planetpv_hello 2022))) ((Almabench camlAlmabench) planetpv 950) true)

OVERRIDE Applied = planetpv_hello/2022 call stack = ((At_call_site TOP_LEVEL 14 ((Almabench camlAlmabench) planetpv_hello 2022))) with false
Shell: cp almabench.native /tmp/fyp_1fa074_almabench
Shell: chmod 755 /tmp/fyp_1fa074_almabench
Shell: make clean
echo '()' >overrides.sexp
rm -rf *.cm* *.native *.o *.data_collector.sexp
../../../ocaml/ocamlopt -dflambda -inline-max-depth 5 -inlining-report -inlining-overrides overrides.sexp -o almabench.native almabench.ml 2>flambda.out
Shell: ssh 192.168.0.10 /home/fyquah/worker-rundir/0/benchmark_binary.sh /home/fyquah/worker-rundir/0/binary.exe 10
Loaded override devisions: 
=> (((At_call_site ((Almabench camlAlmabench) planetpv_hello 2022) 0 ((Almabench camlAlmabench) planetpv 950)) (At_call_site TOP_LEVEL 14 ((Almabench camlAlmabench) planetpv_hello 2022))) ((Almabench camlAlmabench) planetpv 950) true)
=> (((At_call_site ((Almabench camlAlmabench) planetpv_hello 2022) 13 ((Almabench camlAlmabench) planetpv 950)) (Enter_decl TOP_LEVEL ((Almabench camlAlmabench) planetpv_hello 2022))) ((Almabench camlAlmabench) planetpv 950) true)

OVERRIDE Applied = planetpv/950 call stack = ((At_call_site ((Almabench camlAlmabench) planetpv_hello 2022) 13 ((Almabench camlAlmabench) planetpv 950)) (Enter_decl TOP_LEVEL ((Almabench camlAlmabench) planetpv_hello 2022))) with true
Shell: cp almabench.native /tmp/fyp_799192_almabench
Shell: chmod 755 /tmp/fyp_799192_almabench
Done with /tmp/fyp_fc8f40_almabench. Saving results ...
23.987
24.257
24.511
24.302
24.427
24.391
24.274
23.803
24.564
23.917
24.705
24.153
23.793
24.468
24.368
24.181
25.828
24.483
23.658
24.944
24.565
23.711
24.589
24.193
23.825
24.668
24.517
23.971
Shell: make clean
Running /tmp/fyp_1fa074_almabench
Shell: scp /tmp/fyp_1fa074_almabench 192.168.0.11:/home/fyquah/worker-rundir/0/binary.exe
echo '()' >overrides.sexp
rm -rf *.cm* *.native *.o *.data_collector.sexp
../../../ocaml/ocamlopt -dflambda -inline-max-depth 5 -inlining-report -inlining-overrides overrides.sexp -o almabench.native almabench.ml 2>flambda.out
Shell: ssh 192.168.0.11 /home/fyquah/worker-rundir/0/benchmark_binary.sh /home/fyquah/worker-rundir/0/binary.exe 10
Loaded override devisions: 
=> (((At_call_site ((Almabench camlAlmabench) planetpv_hello 2022) 13 ((Almabench camlAlmabench) planetpv 950)) (Enter_decl TOP_LEVEL ((Almabench camlAlmabench) planetpv_hello 2022))) ((Almabench camlAlmabench) planetpv 950) true)
=> (((At_call_site TOP_LEVEL 10 ((Printf camlPrintf) printf 145))) ((Printf camlPrintf) printf 145) false)

OVERRIDE Applied = Printf.printf/145 call stack = ((At_call_site TOP_LEVEL 10 ((Printf camlPrintf) printf 145))) with false
Shell: cp almabench.native /tmp/fyp_4a01db_almabench
Shell: chmod 755 /tmp/fyp_4a01db_almabench
Done with /tmp/fyp_51e8f9_almabench. Saving results ...
24.547
Shell: make clean
Running /tmp/fyp_799192_almabench
Shell: scp /tmp/fyp_799192_almabench 192.168.0.12:/home/fyquah/worker-rundir/0/binary.exe
echo '()' >overrides.sexp
rm -rf *.cm* *.native *.o *.data_collector.sexp
../../../ocaml/ocamlopt -dflambda -inline-max-depth 5 -inlining-report -inlining-overrides overrides.sexp -o almabench.native almabench.ml 2>flambda.out
Shell: ssh 192.168.0.12 /home/fyquah/worker-rundir/0/benchmark_binary.sh /home/fyquah/worker-rundir/0/binary.exe 10
Done with /tmp/fyp_f75777_almabench. Saving results ...
Running /tmp/fyp_4a01db_almabench
24.528
Shell: scp /tmp/fyp_4a01db_almabench 192.168.0.10:/home/fyquah/worker-rundir/0/binary.exe
Shell: ssh 192.168.0.10 /home/fyquah/worker-rundir/0/benchmark_binary.sh /home/fyquah/worker-rundir/0/binary.exe 10
Loaded override devisions: 
=> (((At_call_site TOP_LEVEL 10 ((Printf camlPrintf) printf 145))) ((Printf camlPrintf) printf 145) false)
=> (((At_call_site ((Printf camlPrintf) printf 145) 0 ((CamlinternalFormat camlCamlinternalFormat) make_printf 4764)) (At_call_site TOP_LEVEL 10 ((Printf camlPrintf) printf 145))) ((CamlinternalFormat camlCamlinternalFormat) make_printf 4764) true)

OVERRIDE Applied = Printf.printf/145 call stack = ((At_call_site TOP_LEVEL 10 ((Printf camlPrintf) printf 145))) with false
Shell: cp almabench.native /tmp/fyp_58d20b_almabench
Shell: chmod 755 /tmp/fyp_58d20b_almabench
Shell: make clean
echo '()' >overrides.sexp
rm -rf *.cm* *.native *.o *.data_collector.sexp
../../../ocaml/ocamlopt -dflambda -inline-max-depth 5 -inlining-report -inlining-overrides overrides.sexp -o almabench.native almabench.ml 2>flambda.out
Loaded override devisions: 
=> (((At_call_site ((Printf camlPrintf) printf 145) 0 ((CamlinternalFormat camlCamlinternalFormat) make_printf 4764)) (At_call_site TOP_LEVEL 10 ((Printf camlPrintf) printf 145))) ((CamlinternalFormat camlCamlinternalFormat) make_printf 4764) true)
=> (((At_call_site TOP_LEVEL 8 ((Almabench camlAlmabench) radecdist 1732))) ((Almabench camlAlmabench) radecdist 1732) true)

OVERRIDE Applied = radecdist/1732 call stack = ((At_call_site TOP_LEVEL 8 ((Almabench camlAlmabench) radecdist 1732))) with true
OVERRIDE Applied = CamlinternalFormat.make_printf/4764 call stack = ((At_call_site ((Printf camlPrintf) printf 145) 0 ((CamlinternalFormat camlCamlinternalFormat) make_printf 4764)) (At_call_site TOP_LEVEL 10 ((Printf camlPrintf) printf 145))) with true
Shell: cp almabench.native /tmp/fyp_920abf_almabench
Shell: chmod 755 /tmp/fyp_920abf_almabench
Done with /tmp/fyp_1fa074_almabench. Saving results ...
Running /tmp/fyp_58d20b_almabench
24.576
23.958
24.393
24.143
24.79
24.509
24.446
24.334
24.407
24.487
24.051
24.247
24.174
23.973
24.132
24.284
24.249
24.65
24.647
24.42
24.845
24.934
23.957
24.133
24.243
23.705
24.345
24.91
Shell: make clean
Shell: scp /tmp/fyp_58d20b_almabench 192.168.0.11:/home/fyquah/worker-rundir/0/binary.exe
echo '()' >overrides.sexp
rm -rf *.cm* *.native *.o *.data_collector.sexp
../../../ocaml/ocamlopt -dflambda -inline-max-depth 5 -inlining-report -inlining-overrides overrides.sexp -o almabench.native almabench.ml 2>flambda.out
Shell: ssh 192.168.0.11 /home/fyquah/worker-rundir/0/benchmark_binary.sh /home/fyquah/worker-rundir/0/binary.exe 10
Loaded override devisions: 
=> (((At_call_site TOP_LEVEL 8 ((Almabench camlAlmabench) radecdist 1732))) ((Almabench camlAlmabench) radecdist 1732) true)
=> (((At_call_site TOP_LEVEL 5 ((Almabench camlAlmabench) planetpv 950))) ((Almabench camlAlmabench) planetpv 950) true)

OVERRIDE Applied = planetpv/950 call stack = ((At_call_site TOP_LEVEL 5 ((Almabench camlAlmabench) planetpv 950))) with true
OVERRIDE Applied = radecdist/1732 call stack = ((At_call_site TOP_LEVEL 8 ((Almabench camlAlmabench) radecdist 1732))) with true
Shell: cp almabench.native /tmp/fyp_47e6bc_almabench
Shell: chmod 755 /tmp/fyp_47e6bc_almabench
Done with /tmp/fyp_799192_almabench. Saving results ...
Running /tmp/fyp_920abf_almabench
24.016
Shell: scp /tmp/fyp_920abf_almabench 192.168.0.12:/home/fyquah/worker-rundir/0/binary.exe
Shell: make clean
echo '()' >overrides.sexp
rm -rf *.cm* *.native *.o *.data_collector.sexp
../../../ocaml/ocamlopt -dflambda -inline-max-depth 5 -inlining-report -inlining-overrides overrides.sexp -o almabench.native almabench.ml 2>flambda.out
Shell: ssh 192.168.0.12 /home/fyquah/worker-rundir/0/benchmark_binary.sh /home/fyquah/worker-rundir/0/binary.exe 10
Loaded override devisions: 
=> (((At_call_site TOP_LEVEL 5 ((Almabench camlAlmabench) planetpv 950))) ((Almabench camlAlmabench) planetpv 950) true)
=> (((At_call_site ((Almabench camlAlmabench) radecdist 1732) 4 ((Almabench camlAlmabench) super_function 1803)) (Enter_decl TOP_LEVEL ((Almabench camlAlmabench) radecdist 1732))) ((Almabench camlAlmabench) super_function 1803) true)

OVERRIDE Applied = super_function/1803 call stack = ((At_call_site ((Almabench camlAlmabench) radecdist 1732) 4 ((Almabench camlAlmabench) super_function 1803)) (Enter_decl TOP_LEVEL ((Almabench camlAlmabench) radecdist 1732))) with true
OVERRIDE Applied = planetpv/950 call stack = ((At_call_site TOP_LEVEL 5 ((Almabench camlAlmabench) planetpv 950))) with true
Shell: cp almabench.native /tmp/fyp_776f74_almabench
Shell: chmod 755 /tmp/fyp_776f74_almabench
Done with /tmp/fyp_4a01db_almabench. Saving results ...
Running /tmp/fyp_47e6bc_almabench
24.566
Shell: make clean
Shell: scp /tmp/fyp_47e6bc_almabench 192.168.0.10:/home/fyquah/worker-rundir/0/binary.exe
echo '()' >overrides.sexp
rm -rf *.cm* *.native *.o *.data_collector.sexp
../../../ocaml/ocamlopt -dflambda -inline-max-depth 5 -inlining-report -inlining-overrides overrides.sexp -o almabench.native almabench.ml 2>flambda.out
Shell: ssh 192.168.0.10 /home/fyquah/worker-rundir/0/benchmark_binary.sh /home/fyquah/worker-rundir/0/binary.exe 10
Loaded override devisions: 
=> (((At_call_site ((Almabench camlAlmabench) radecdist 1732) 4 ((Almabench camlAlmabench) super_function 1803)) (Enter_decl TOP_LEVEL ((Almabench camlAlmabench) radecdist 1732))) ((Almabench camlAlmabench) super_function 1803) true)
=> (((At_call_site ((Almabench camlAlmabench) super_function 1803) 3 ((Almabench camlAlmabench) f 1809)) (Enter_decl ((Almabench camlAlmabench) radecdist 1732) ((Almabench camlAlmabench) super_function 1803)) (Enter_decl TOP_LEVEL ((Almabench camlAlmabench) radecdist 1732))) ((Almabench camlAlmabench) f 1809) false)

OVERRIDE Applied = f/1809 call stack = ((At_call_site ((Almabench camlAlmabench) super_function 1803) 3 ((Almabench camlAlmabench) f 1809)) (Enter_decl ((Almabench camlAlmabench) radecdist 1732) ((Almabench camlAlmabench) super_function 1803)) (Enter_decl TOP_LEVEL ((Almabench camlAlmabench) radecdist 1732))) with false
OVERRIDE Applied = super_function/1803 call stack = ((At_call_site ((Almabench camlAlmabench) radecdist 1732) 4 ((Almabench camlAlmabench) super_function 1803)) (Enter_decl TOP_LEVEL ((Almabench camlAlmabench) radecdist 1732))) with true
Shell: cp almabench.native /tmp/fyp_beaadb_almabench
Shell: chmod 755 /tmp/fyp_beaadb_almabench
Done with /tmp/fyp_920abf_almabench. Saving results ...
24.41
24.525
24.016
24.321
23.437
24.008
24.248
23.977
23.949
24.997
23.959
24.078
24.172
23.596
24.448
23.578
24.441
24.021
23.856
24.102
24.122
24.068
24.281
24.814
23.739
24.08
28.917
23.635
Shell: make clean
Shell: scp /tmp/fyp_776f74_almabench 192.168.0.12:/home/fyquah/worker-rundir/0/binary.exe
Running /tmp/fyp_776f74_almabench
echo '()' >overrides.sexp
rm -rf *.cm* *.native *.o *.data_collector.sexp
../../../ocaml/ocamlopt -dflambda -inline-max-depth 5 -inlining-report -inlining-overrides overrides.sexp -o almabench.native almabench.ml 2>flambda.out
Shell: ssh 192.168.0.12 /home/fyquah/worker-rundir/0/benchmark_binary.sh /home/fyquah/worker-rundir/0/binary.exe 10
Loaded override devisions: 
=> (((At_call_site ((Almabench camlAlmabench) super_function 1803) 3 ((Almabench camlAlmabench) f 1809)) (Enter_decl ((Almabench camlAlmabench) radecdist 1732) ((Almabench camlAlmabench) super_function 1803)) (Enter_decl TOP_LEVEL ((Almabench camlAlmabench) radecdist 1732))) ((Almabench camlAlmabench) f 1809) false)
=> (((At_call_site ((Almabench camlAlmabench) f 1809) 2 ((List camlList) length 167)) (Enter_decl ((Almabench camlAlmabench) super_function 1803) ((Almabench camlAlmabench) f 1809)) (Enter_decl ((Almabench camlAlmabench) radecdist 1732) ((Almabench camlAlmabench) super_function 1803)) (Enter_decl TOP_LEVEL ((Almabench camlAlmabench) radecdist 1732))) ((List camlList) length 167) false)

OVERRIDE Applied = List.length/167 call stack = ((At_call_site ((Almabench camlAlmabench) f 1809) 2 ((List camlList) length 167)) (Enter_decl ((Almabench camlAlmabench) super_function 1803) ((Almabench camlAlmabench) f 1809)) (Enter_decl ((Almabench camlAlmabench) radecdist 1732) ((Almabench camlAlmabench) super_function 1803)) (Enter_decl TOP_LEVEL ((Almabench camlAlmabench) radecdist 1732))) with false
OVERRIDE Applied = f/1809 call stack = ((At_call_site ((Almabench camlAlmabench) super_function 1803) 3 ((Almabench camlAlmabench) f 1809)) (Enter_decl ((Almabench camlAlmabench) radecdist 1732) ((Almabench camlAlmabench) super_function 1803)) (Enter_decl TOP_LEVEL ((Almabench camlAlmabench) radecdist 1732))) with false
Shell: cp almabench.native /tmp/fyp_53cef7_almabench
Shell: chmod 755 /tmp/fyp_53cef7_almabench
Done with /tmp/fyp_47e6bc_almabench. Saving results ...
Done with /tmp/fyp_58d20b_almabench. Saving results ...
Running /tmp/fyp_beaadb_almabench
24.188
24.169
Shell: make clean
Shell: scp /tmp/fyp_beaadb_almabench 192.168.0.10:/home/fyquah/worker-rundir/0/binary.exe
Running /tmp/fyp_53cef7_almabench
echo '()' >overrides.sexp
rm -rf *.cm* *.native *.o *.data_collector.sexp
Shell: scp /tmp/fyp_53cef7_almabench 192.168.0.11:/home/fyquah/worker-rundir/0/binary.exe
../../../ocaml/ocamlopt -dflambda -inline-max-depth 5 -inlining-report -inlining-overrides overrides.sexp -o almabench.native almabench.ml 2>flambda.out
Shell: ssh 192.168.0.10 /home/fyquah/worker-rundir/0/benchmark_binary.sh /home/fyquah/worker-rundir/0/binary.exe 10
Shell: ssh 192.168.0.11 /home/fyquah/worker-rundir/0/benchmark_binary.sh /home/fyquah/worker-rundir/0/binary.exe 10
Loaded override devisions: 
=> (((At_call_site ((Almabench camlAlmabench) f 1809) 2 ((List camlList) length 167)) (Enter_decl ((Almabench camlAlmabench) super_function 1803) ((Almabench camlAlmabench) f 1809)) (Enter_decl ((Almabench camlAlmabench) radecdist 1732) ((Almabench camlAlmabench) super_function 1803)) (Enter_decl TOP_LEVEL ((Almabench camlAlmabench) radecdist 1732))) ((List camlList) length 167) false)
=> (((At_call_site ((Almabench camlAlmabench) planetpv 950) 1 ((Almabench camlAlmabench) anpm 930)) (Enter_decl TOP_LEVEL ((Almabench camlAlmabench) planetpv 950))) ((Almabench camlAlmabench) anpm 930) true)

OVERRIDE Applied = anpm/930 call stack = ((At_call_site ((Almabench camlAlmabench) planetpv 950) 1 ((Almabench camlAlmabench) anpm 930)) (Enter_decl TOP_LEVEL ((Almabench camlAlmabench) planetpv 950))) with true
OVERRIDE Applied = List.length/167 call stack = ((At_call_site ((Almabench camlAlmabench) f 1809) 2 ((List camlList) length 167)) (Enter_decl ((Almabench camlAlmabench) super_function 1803) ((Almabench camlAlmabench) f 1809)) (Enter_decl ((Almabench camlAlmabench) radecdist 1732) ((Almabench camlAlmabench) super_function 1803)) (Enter_decl TOP_LEVEL ((Almabench camlAlmabench) radecdist 1732))) with false
Shell: cp almabench.native /tmp/fyp_8c063b_almabench
Shell: chmod 755 /tmp/fyp_8c063b_almabench
Done with /tmp/fyp_776f74_almabench. Saving results ...
24.129
24.185
24.345
24.045
23.873
24.059
23.942
23.891
23.897
24.382
23.692
24.399
23.895
24.159
23.71
23.777
23.909
23.988
23.912
23.593
23.886
24.762
24.117
27.678
23.968
24.014
23.808
24.013
Shell: scp /tmp/fyp_8c063b_almabench 192.168.0.12:/home/fyquah/worker-rundir/0/binary.exe
Running /tmp/fyp_8c063b_almabench
Shell: ssh 192.168.0.12 /home/fyquah/worker-rundir/0/benchmark_binary.sh /home/fyquah/worker-rundir/0/binary.exe 10
Done with /tmp/fyp_beaadb_almabench. Saving results ...
Done with /tmp/fyp_53cef7_almabench. Saving results ...
Done with /tmp/fyp_8c063b_almabench. Saving results ...
Completed experiment!23.917
23.739
23.851
24.367
24.471
24.629
23.737
24.046
23.906
24.12
23.971
23.921
